Unable to capture context for thread 592 in process 13072, can not generate back trace
Unable to capture context for thread 14588 in process 13072, can not generate back trace
Unable to capture context for thread 7504 in process 13072, can not generate back trace
Unable to capture context for thread 7824 in process 13072, can not generate back trace
Unable to capture context for thread 2892 in process 13072, can not generate back trace
Unable to capture context for thread 2780 in process 13072, can not generate back trace
Unable to capture context for thread 4908 in process 13072, can not generate back trace
Unable to capture context for thread 12864 in process 13072, can not generate back trace
Unable to capture context for thread 12888 in process 13072, can not generate back trace
Unable to capture context for thread 1184 in process 13072, can not generate back trace
Exception at PC 0x00007FFA298ABB93
Printing stacktrace...

Unable to capture context for thread 7824 in process 13072, can not generate back trace
Unable to capture context for thread 2892 in process 13072, can not generate back trace
Unable to capture context for thread 6508 in process 13072, can not generate back trace
Exception at PC 0x00007FFACCD94FD9
Exception at PC 0x00007FFACCD94FD9
Exception at PC 0x00007FFACCD94FD9
Exception at PC 0x00007FFACCD94FD9
Exception at PC 0x00007FFACCD94FD9
Exception at PC 0x00007FFACCD94FD9
Exception at PC 0x00007FFACCD94FD9
Exception at PC 0x00007FFACCD94FD9
Exception at PC 0x00007FFACCD94FD9
Exception at PC 0x00007FFACCD94FD9
Exception at PC 0x00007FFACCD94FD9
Exception at PC 0x00007FFACCD94FD9
Exception at PC 0x00007FFACCD94FD9
Exception at PC 0x00007FFACCD94FD9
[0]  [0x00007FFA298ABB93]
[1]  [0x00007FFA298ABB93]
[2]  [0x00007FFA298AB4A1]
[3]  [0x00007FFA298AB459]
[4]  [0x00007FFA298919FE]
[5]  [0x00007FFA29890ED1]
[6]  [0x00007FFA29890D76]
[7]  [0x00007FFA298379F6]
[8]  [0x00007FFA29827AFB]
[9]  [0x00007FFA2994E90A]
[10]  [0x00007FFA29969F87]
[11]  [0x00007FFA2996A05F]
[12] (BaseThreadInitThunk+0x14) [0x00007FFACEF47034]
[13] (RtlUserThreadStart+0x21) [0x00007FFACF082651]
Done
Exception at PC 0x00007FFACCD94FD9
Exception at PC 0x00007FFACCD94FD9
Exception at PC 0x00007FFACCD94FD9
Exception at PC 0x00007FFACCD94FD9
Exception at PC 0x00007FFA295B1A52
Attemped to write at address 0x00007FFAA4D19BA4
Printing stacktrace...

[0]  [0x00007FFA295B1A52]
[1]  [0x00007FFA295B1A52]
[2]  [0x00007FFA295B1AD4]
[3]  [0x00007FFA296F3FF7]
[4]  [0x00007FFA295D9128]
[5]  [0x00007FFA2988DFB9]
[6]  [0x00007FFA29A5EF23]
[7]  [0x00007FFA2996B06B]
[8]  [0x00007FFA299608AF]
[9]  [0x00007FFA29960A32]
[10] (RtlActivateActivationContextUnsafeFast+0x11d) [0x00007FFACF049A1D]
[11] (LdrShutdownProcess+0x141) [0x00007FFACF08DB91]
[12] (RtlExitUserProcess+0xad) [0x00007FFACF08DA2D]
[13] (FatalExit+0xb) [0x00007FFACEF4E0AB]
[14] (exit+0x85) [0x00007FFACDA0A155]
[15] (initterm_e+0x245) [0x00007FFACDA0A7C5]
[16]  [0x00000000004014CD]
[17]  [0x000000000040151B]
[18] (BaseThreadInitThunk+0x14) [0x00007FFACEF47034]
[19] (RtlUserThreadStart+0x21) [0x00007FFACF082651]
Done
