Copyright 1986-2017 Xilinx, Inc. All Rights Reserved.
-------------------------------------------------------------------------------------------------------------------------------------------------------------------------------------------
| Tool Version     : Vivado v.2017.1 (win64) Build 1846317 Fri Apr 14 18:55:03 MDT 2017
| Date             : Mon Oct 17 11:27:44 2022
| Host             : LAPTOP-T2FRDGEF running 64-bit major release  (build 9200)
| Command          : report_power -file multi_cycle_cpu_display_power_routed.rpt -pb multi_cycle_cpu_display_power_summary_routed.pb -rpx multi_cycle_cpu_display_power_routed.rpx
| Design           : multi_cycle_cpu_display
| Device           : xc7a200tfbg676-2
| Design State     : routed
| Grade            : commercial
| Process          : typical
| Characterization : Production
-------------------------------------------------------------------------------------------------------------------------------------------------------------------------------------------

Power Report

Table of Contents
-----------------
1. Summary
1.1 On-Chip Components
1.2 Power Supply Summary
1.3 Confidence Level
2. Settings
2.1 Environment
2.2 Clock Constraints
3. Detailed Reports
3.1 By Hierarchy

1. Summary
----------

+--------------------------+----------------------------------+
| Total On-Chip Power (W)  | 51.057 (Junction temp exceeded!) |
| Dynamic (W)              | 49.579                           |
| Device Static (W)        | 1.478                            |
| Effective TJA (C/W)      | 1.9                              |
| Max Ambient (C)          | 0.0                              |
| Junction Temperature (C) | 120.5                            |
| Confidence Level         | Low                              |
| Setting File             | ---                              |
| Simulation Activity File | ---                              |
| Design Nets Matched      | NA                               |
+--------------------------+----------------------------------+


1.1 On-Chip Components
----------------------

+----------------+-----------+----------+-----------+-----------------+
| On-Chip        | Power (W) | Used     | Available | Utilization (%) |
+----------------+-----------+----------+-----------+-----------------+
| Slice Logic    |     1.975 |     4678 |       --- |             --- |
|   LUT as Logic |     1.709 |     2267 |    133800 |            1.69 |
|   CARRY4       |     0.118 |       34 |     33450 |            0.10 |
|   Register     |     0.079 |     1799 |    267600 |            0.67 |
|   BUFG         |     0.058 |        3 |        32 |            9.38 |
|   F7/F8 Muxes  |     0.011 |      301 |    133800 |            0.22 |
|   Others       |     0.000 |       36 |       --- |             --- |
| Signals        |     2.680 |     3711 |       --- |             --- |
| Block RAM      |     0.353 |      2.5 |       365 |            0.68 |
| I/O            |    44.571 |       29 |       400 |            7.25 |
| Static Power   |     1.478 |          |           |                 |
| Total          |    51.057 |          |           |                 |
+----------------+-----------+----------+-----------+-----------------+


1.2 Power Supply Summary
------------------------

+-----------+-------------+-----------+-------------+------------+
| Source    | Voltage (V) | Total (A) | Dynamic (A) | Static (A) |
+-----------+-------------+-----------+-------------+------------+
| Vccint    |       1.000 |     6.041 |       4.986 |      1.055 |
| Vccaux    |       1.800 |     1.815 |       1.633 |      0.182 |
| Vcco33    |       3.300 |    12.618 |      12.613 |      0.005 |
| Vcco25    |       2.500 |     0.000 |       0.000 |      0.000 |
| Vcco18    |       1.800 |     0.000 |       0.000 |      0.000 |
| Vcco15    |       1.500 |     0.000 |       0.000 |      0.000 |
| Vcco135   |       1.350 |     0.000 |       0.000 |      0.000 |
| Vcco12    |       1.200 |     0.000 |       0.000 |      0.000 |
| Vccaux_io |       1.800 |     0.000 |       0.000 |      0.000 |
| Vccbram   |       1.000 |     0.073 |       0.031 |      0.042 |
| MGTAVcc   |       1.000 |     0.000 |       0.000 |      0.000 |
| MGTAVtt   |       1.200 |     0.000 |       0.000 |      0.000 |
| Vccadc    |       1.800 |     0.020 |       0.000 |      0.020 |
+-----------+-------------+-----------+-------------+------------+


1.3 Confidence Level
--------------------

+-----------------------------+------------+--------------------------------------------------------+--------------------------------------------------------------------------------------------------------------------+
| User Input Data             | Confidence | Details                                                | Action                                                                                                             |
+-----------------------------+------------+--------------------------------------------------------+--------------------------------------------------------------------------------------------------------------------+
| Design implementation state | High       | Design is routed                                       |                                                                                                                    |
| Clock nodes activity        | Low        | User specified less than 75% of clocks                 | Provide missing clock activity with a constraint file, simulation results or by editing the "By Clock Domain" view |
| I/O nodes activity          | Low        | More than 75% of inputs are missing user specification | Provide missing input activity with simulation results or by editing the "By Resource Type -> I/Os" view           |
| Internal nodes activity     | Medium     | User specified less than 25% of internal nodes         | Provide missing internal nodes activity with simulation results or by editing the "By Resource Type" views         |
| Device models               | High       | Device models are Production                           |                                                                                                                    |
|                             |            |                                                        |                                                                                                                    |
| Overall confidence level    | Low        |                                                        |                                                                                                                    |
+-----------------------------+------------+--------------------------------------------------------+--------------------------------------------------------------------------------------------------------------------+


2. Settings
-----------

2.1 Environment
---------------

+-----------------------+--------------------------+
| Ambient Temp (C)      | 25.0                     |
| ThetaJA (C/W)         | 1.9                      |
| Airflow (LFM)         | 250                      |
| Heat Sink             | medium (Medium Profile)  |
| ThetaSA (C/W)         | 3.4                      |
| Board Selection       | medium (10"x10")         |
| # of Board Layers     | 12to15 (12 to 15 Layers) |
| Board Temperature (C) | 25.0                     |
+-----------------------+--------------------------+


2.2 Clock Constraints
---------------------

+-------+--------+-----------------+
| Clock | Domain | Constraint (ns) |
+-------+--------+-----------------+


3. Detailed Reports
-------------------

3.1 By Hierarchy
----------------

+------------------------------------------------+-----------+
| Name                                           | Power (W) |
+------------------------------------------------+-----------+
| multi_cycle_cpu_display                        |    49.579 |
|   cpu                                          |     2.021 |
|     EXE_module                                 |     0.116 |
|       alu_module                               |     0.116 |
|         adder_module                           |     0.002 |
|     ID_module                                  |     0.236 |
|     IF_module                                  |     0.263 |
|     MEM_module                                 |     0.030 |
|     WB_module                                  |     0.015 |
|     data_ram_module                            |     0.224 |
|       U0                                       |     0.224 |
|         inst_blk_mem_gen                       |     0.224 |
|           gnbram.gnativebmg.native_blk_mem_gen |     0.224 |
|             valid.cstr                         |     0.224 |
|               ramloop[0].ram.r                 |     0.224 |
|                 prim_noinit.ram                |     0.224 |
|     inst_rom_module                            |     0.013 |
|       U0                                       |     0.013 |
|         inst_blk_mem_gen                       |     0.013 |
|           gnbram.gnativebmg.native_blk_mem_gen |     0.013 |
|             valid.cstr                         |     0.013 |
|               ramloop[0].ram.r                 |     0.013 |
|                 prim_init.ram                  |     0.013 |
|     rf_module                                  |     0.591 |
|   lcd_module                                   |    47.348 |
|     lcd_draw_module                            |     0.802 |
|     lcd_init_module                            |     0.606 |
|     lcd_rom_module                             |     0.421 |
|       U0                                       |     0.421 |
|         inst_blk_mem_gen                       |     0.421 |
|           gnativebmg.native_blk_mem_gen        |     0.421 |
|             valid.cstr                         |     0.421 |
|               ramloop[0].ram.r                 |     0.421 |
|                 prim_init.ram                  |     0.421 |
|     touch_module                               |     0.313 |
|       int_io                                   |     0.000 |
|       sda_io                                   |     0.036 |
+------------------------------------------------+-----------+


