
*** Running vivado
    with args -log inst_rom.vds -m64 -product Vivado -mode batch -messageDb vivado.pb -notrace -source inst_rom.tcl


****** Vivado v2017.1 (64-bit)
  **** SW Build 1846317 on Fri Apr 14 18:55:03 MDT 2017
  **** IP Build 1846188 on Fri Apr 14 20:52:08 MDT 2017
    ** Copyright 1986-2017 Xilinx, Inc. All Rights Reserved.

source inst_rom.tcl -notrace
Starting RTL Elaboration : Time (s): cpu = 00:00:08 ; elapsed = 00:00:09 . Memory (MB): peak = 319.211 ; gain = 82.258
INFO: [Synth 8-638] synthesizing module 'inst_rom' [d:/My Projects/VerilogProj_2013631/project_82/project_8.srcs/sources_1/ip/inst_rom/synth/inst_rom.vhd:67]
INFO: [Synth 8-256] done synthesizing module 'inst_rom' (9#1) [d:/My Projects/VerilogProj_2013631/project_82/project_8.srcs/sources_1/ip/inst_rom/synth/inst_rom.vhd:67]
Finished RTL Elaboration : Time (s): cpu = 00:01:23 ; elapsed = 00:01:26 . Memory (MB): peak = 524.410 ; gain = 287.457
Finished RTL Optimization Phase 1 : Time (s): cpu = 00:01:24 ; elapsed = 00:01:26 . Memory (MB): peak = 524.410 ; gain = 287.457
INFO: [Device 21-403] Loading part xc7a200tfbg676-2
Constraint Validation Runtime : Time (s): cpu = 00:00:00 ; elapsed = 00:00:00.028 . Memory (MB): peak = 627.410 ; gain = 0.000
Finished Constraint Validation : Time (s): cpu = 00:01:44 ; elapsed = 00:01:47 . Memory (MB): peak = 627.410 ; gain = 390.457
Finished Loading Part and Timing Information : Time (s): cpu = 00:01:44 ; elapsed = 00:01:47 . Memory (MB): peak = 627.410 ; gain = 390.457
Finished applying 'set_property' XDC Constraints : Time (s): cpu = 00:01:44 ; elapsed = 00:01:47 . Memory (MB): peak = 627.410 ; gain = 390.457
Finished RTL Optimization Phase 2 : Time (s): cpu = 00:01:44 ; elapsed = 00:01:47 . Memory (MB): peak = 627.410 ; gain = 390.457
Finished Cross Boundary and Area Optimization : Time (s): cpu = 00:01:45 ; elapsed = 00:01:48 . Memory (MB): peak = 627.410 ; gain = 390.457
Finished Applying XDC Timing Constraints : Time (s): cpu = 00:02:01 ; elapsed = 00:02:05 . Memory (MB): peak = 648.996 ; gain = 412.043
Finished Timing Optimization : Time (s): cpu = 00:02:01 ; elapsed = 00:02:05 . Memory (MB): peak = 648.996 ; gain = 412.043
Finished Technology Mapping : Time (s): cpu = 00:02:01 ; elapsed = 00:02:05 . Memory (MB): peak = 659.137 ; gain = 422.184
Finished IO Insertion : Time (s): cpu = 00:02:03 ; elapsed = 00:02:06 . Memory (MB): peak = 659.137 ; gain = 422.184
Finished Renaming Generated Instances : Time (s): cpu = 00:02:03 ; elapsed = 00:02:06 . Memory (MB): peak = 659.137 ; gain = 422.184
Finished Rebuilding User Hierarchy : Time (s): cpu = 00:02:03 ; elapsed = 00:02:06 . Memory (MB): peak = 659.137 ; gain = 422.184
Finished Renaming Generated Ports : Time (s): cpu = 00:02:03 ; elapsed = 00:02:06 . Memory (MB): peak = 659.137 ; gain = 422.184
Finished Handling Custom Attributes : Time (s): cpu = 00:02:03 ; elapsed = 00:02:06 . Memory (MB): peak = 659.137 ; gain = 422.184
Finished Renaming Generated Nets : Time (s): cpu = 00:02:03 ; elapsed = 00:02:06 . Memory (MB): peak = 659.137 ; gain = 422.184

Report Cell Usage: 
+------+---------+------+
|      |Cell     |Count |
+------+---------+------+
|1     |RAMB18E1 |     1|
+------+---------+------+
Finished Writing Synthesis Report : Time (s): cpu = 00:02:03 ; elapsed = 00:02:06 . Memory (MB): peak = 659.137 ; gain = 422.184
synth_design: Time (s): cpu = 00:02:05 ; elapsed = 00:02:09 . Memory (MB): peak = 676.363 ; gain = 439.410
