Unable to capture context for thread 16948 in process 8112, can not generate back trace
Unable to capture context for thread 4076 in process 8112, can not generate back trace
Unable to capture context for thread 1428 in process 8112, can not generate back trace
Unable to capture context for thread 12004 in process 8112, can not generate back trace
Unable to capture context for thread 7176 in process 8112, can not generate back trace
Unable to capture context for thread 10100 in process 8112, can not generate back trace
Unable to capture context for thread 3284 in process 8112, can not generate back trace
Unable to capture context for thread 3804 in process 8112, can not generate back trace
Unable to capture context for thread 8316 in process 8112, can not generate back trace
Exception at PC 0x00007FFA2260BB93
Printing stacktrace...

Unable to capture context for thread 1180 in process 8112, can not generate back trace
Exception at PC 0x00007FFACCD94FD9
Exception at PC 0x00007FFACCD94FD9
Exception at PC 0x00007FFACCD94FD9
Exception at PC 0x00007FFACCD94FD9
Exception at PC 0x00007FFACCD94FD9
Exception at PC 0x00007FFACCD94FD9
Exception at PC 0x00007FFACCD94FD9
Exception at PC 0x00007FFACCD94FD9
Exception at PC 0x00007FFACCD94FD9
Exception at PC 0x00007FFACCD94FD9
Exception at PC 0x00007FFACCD94FD9
Exception at PC 0x00007FFACCD94FD9
[0]  [0x00007FFA2260BB93]
[1]  [0x00007FFA2260BB93]
[2]  [0x00007FFA2260B4A1]
[3]  [0x00007FFA2260B459]
[4]  [0x00007FFA225F19FE]
[5]  [0x00007FFA225F0ED1]
[6]  [0x00007FFA225F0D76]
[7]  [0x00007FFA225979F6]
[8]  [0x00007FFA22587AFB]
[9]  [0x00007FFA226AE90A]
[10]  [0x00007FFA226C9F87]
[11]  [0x00007FFA226CA05F]
[12] (BaseThreadInitThunk+0x14) [0x00007FFACEF47034]
[13] (RtlUserThreadStart+0x21) [0x00007FFACF082651]
Done
Exception at PC 0x00007FFACCD94FD9
Exception at PC 0x00007FFACCD94FD9
Exception at PC 0x00007FFACCD94FD9
Exception at PC 0x00007FFACCD94FD9
Exception at PC 0x00007FFACCD94FD9
Exception at PC 0x00007FFACCD94FD9
Exception at PC 0x00007FFA22311A52
Attemped to write at address 0x00007FFA6D839BA4
Printing stacktrace...

[0]  [0x00007FFA22311A52]
[1]  [0x00007FFA22311A52]
[2]  [0x00007FFA22311AD4]
[3]  [0x00007FFA22453FF7]
[4]  [0x00007FFA22339128]
[5]  [0x00007FFA225EDFB9]
[6]  [0x00007FFA227BEF23]
[7]  [0x00007FFA226CB06B]
[8]  [0x00007FFA226C08AF]
[9]  [0x00007FFA226C0A32]
[10] (RtlActivateActivationContextUnsafeFast+0x11d) [0x00007FFACF049A1D]
[11] (LdrShutdownProcess+0x141) [0x00007FFACF08DB91]
[12] (RtlExitUserProcess+0xad) [0x00007FFACF08DA2D]
[13] (FatalExit+0xb) [0x00007FFACEF4E0AB]
[14] (exit+0x85) [0x00007FFACDA0A155]
[15] (initterm_e+0x245) [0x00007FFACDA0A7C5]
[16]  [0x00000000004014CD]
[17]  [0x000000000040151B]
[18] (BaseThreadInitThunk+0x14) [0x00007FFACEF47034]
[19] (RtlUserThreadStart+0x21) [0x00007FFACF082651]
Done
