Unable to capture context for thread 44268 in process 30244, can not generate back trace
Unable to capture context for thread 33008 in process 30244, can not generate back trace
Unable to capture context for thread 5364 in process 30244, can not generate back trace
Unable to capture context for thread 26488 in process 30244, can not generate back trace
Unable to capture context for thread 45832 in process 30244, can not generate back trace
Unable to capture context for thread 40364 in process 30244, can not generate back trace
Unable to capture context for thread 21284 in process 30244, can not generate back trace
Exception at PC 0x00007FFCA298BB93
Printing stacktrace...

Unable to capture context for thread 28204 in process 30244, can not generate back trace
Unable to capture context for thread 43464 in process 30244, can not generate back trace
Exception at PC 0x00007FFD6AC4CD29
Unable to capture context for thread 57420 in process 30244, can not generate back trace
Exception at PC 0x00007FFD6AC4CD29
Exception at PC 0x00007FFD6AC4CD29
Exception at PC 0x00007FFD6AC4CD29
Exception at PC 0x00007FFD6AC4CD29
Exception at PC 0x00007FFD6AC4CD29
Exception at PC 0x00007FFD6AC4CD29
Exception at PC 0x00007FFD6AC4CD29
Exception at PC 0x00007FFD6AC4CD29
[0]  [0x00007FFCA298BB93]
[1]  [0x00007FFCA298BB93]
[2]  [0x00007FFCA298B4A1]
[3]  [0x00007FFCA298B459]
[4]  [0x00007FFCA29719FE]
[5]  [0x00007FFCA2970ED1]
[6]  [0x00007FFCA2970D76]
[7]  [0x00007FFCA29179F6]
[8]  [0x00007FFCA2907AFB]
[9]  [0x00007FFCA2A2E90A]
[10]  [0x00007FFCA2A49F87]
[11]  [0x00007FFCA2A4A05F]
[12] (BaseThreadInitThunk+0x14) [0x00007FFD6CF77034]
[13] (RtlUserThreadStart+0x21) [0x00007FFD6D2826A1]
Done
Exception at PC 0x00007FFD6AC4CD29
Exception at PC 0x00007FFD6AC4CD29
Exception at PC 0x00007FFD6AC4CD29
Exception at PC 0x00007FFD6AC4CD29
Exception at PC 0x00007FFD6AC4CD29
Exception at PC 0x00007FFD6AC4CD29
Exception at PC 0x00007FFD6AC4CD29
Exception at PC 0x00007FFD6AC4CD29
Exception at PC 0x00007FFD6AC4CD29
Exception at PC 0x00007FFCA2691A52
Attemped to write at address 0x00007FFCEABB9BA4
Printing stacktrace...

[0]  [0x00007FFCA2691A52]
[1]  [0x00007FFCA2691A52]
[2]  [0x00007FFCA2691AD4]
[3]  [0x00007FFCA27D3FF7]
[4]  [0x00007FFCA26B9128]
[5]  [0x00007FFCA296DFB9]
[6]  [0x00007FFCA2B3EF23]
[7]  [0x00007FFCA2A4B06B]
[8]  [0x00007FFCA2A408AF]
[9]  [0x00007FFCA2A40A32]
[10] (RtlActivateActivationContextUnsafeFast+0x11d) [0x00007FFD6D249A1D]
[11] (LdrShutdownProcess+0x24c) [0x00007FFD6D28DCEC]
[12] (RtlExitUserProcess+0xad) [0x00007FFD6D28DA7D]
[13] (FatalExit+0xb) [0x00007FFD6CF7E0AB]
[14] (exit+0x85) [0x00007FFD6C42A155]
[15] (initterm_e+0x245) [0x00007FFD6C42A7C5]
[16]  [0x00000000004014CD]
[17]  [0x000000000040151B]
[18] (BaseThreadInitThunk+0x14) [0x00007FFD6CF77034]
[19] (RtlUserThreadStart+0x21) [0x00007FFD6D2826A1]
Done
