
*** Running vivado
    with args -log inst_rom.vds -m64 -product Vivado -mode batch -messageDb vivado.pb -notrace -source inst_rom.tcl


****** Vivado v2017.1 (64-bit)
  **** SW Build 1846317 on Fri Apr 14 18:55:03 MDT 2017
  **** IP Build 1846188 on Fri Apr 14 20:52:08 MDT 2017
    ** Copyright 1986-2017 Xilinx, Inc. All Rights Reserved.

source inst_rom.tcl -notrace
Starting RTL Elaboration : Time (s): cpu = 00:00:05 ; elapsed = 00:00:05 . Memory (MB): peak = 319.402 ; gain = 82.402
INFO: [Synth 8-638] synthesizing module 'inst_rom' [d:/My Projects/VerilogProj_2013631/multi_cycle_cpu_2/multi_cycle_cpu_2.srcs/sources_1/ip/inst_rom/synth/inst_rom.vhd:69]
INFO: [Synth 8-256] done synthesizing module 'inst_rom' (9#1) [d:/My Projects/VerilogProj_2013631/multi_cycle_cpu_2/multi_cycle_cpu_2.srcs/sources_1/ip/inst_rom/synth/inst_rom.vhd:69]
Finished RTL Elaboration : Time (s): cpu = 00:00:43 ; elapsed = 00:00:43 . Memory (MB): peak = 525.641 ; gain = 288.641
Finished RTL Optimization Phase 1 : Time (s): cpu = 00:00:43 ; elapsed = 00:00:43 . Memory (MB): peak = 525.641 ; gain = 288.641
INFO: [Device 21-403] Loading part xc7a200tfbg676-2
Constraint Validation Runtime : Time (s): cpu = 00:00:00 ; elapsed = 00:00:00.011 . Memory (MB): peak = 627.648 ; gain = 0.000
Finished Constraint Validation : Time (s): cpu = 00:00:52 ; elapsed = 00:00:53 . Memory (MB): peak = 627.648 ; gain = 390.648
Finished Loading Part and Timing Information : Time (s): cpu = 00:00:52 ; elapsed = 00:00:53 . Memory (MB): peak = 627.648 ; gain = 390.648
Finished applying 'set_property' XDC Constraints : Time (s): cpu = 00:00:52 ; elapsed = 00:00:53 . Memory (MB): peak = 627.648 ; gain = 390.648
Finished RTL Optimization Phase 2 : Time (s): cpu = 00:00:52 ; elapsed = 00:00:53 . Memory (MB): peak = 627.648 ; gain = 390.648
Finished Cross Boundary and Area Optimization : Time (s): cpu = 00:00:53 ; elapsed = 00:00:53 . Memory (MB): peak = 627.648 ; gain = 390.648
Finished Applying XDC Timing Constraints : Time (s): cpu = 00:01:01 ; elapsed = 00:01:02 . Memory (MB): peak = 649.195 ; gain = 412.195
Finished Timing Optimization : Time (s): cpu = 00:01:01 ; elapsed = 00:01:02 . Memory (MB): peak = 649.195 ; gain = 412.195
Finished Technology Mapping : Time (s): cpu = 00:01:01 ; elapsed = 00:01:02 . Memory (MB): peak = 659.336 ; gain = 422.336
Finished IO Insertion : Time (s): cpu = 00:01:02 ; elapsed = 00:01:02 . Memory (MB): peak = 659.336 ; gain = 422.336
Finished Renaming Generated Instances : Time (s): cpu = 00:01:02 ; elapsed = 00:01:02 . Memory (MB): peak = 659.336 ; gain = 422.336
Finished Rebuilding User Hierarchy : Time (s): cpu = 00:01:02 ; elapsed = 00:01:02 . Memory (MB): peak = 659.336 ; gain = 422.336
Finished Renaming Generated Ports : Time (s): cpu = 00:01:02 ; elapsed = 00:01:02 . Memory (MB): peak = 659.336 ; gain = 422.336
Finished Handling Custom Attributes : Time (s): cpu = 00:01:02 ; elapsed = 00:01:02 . Memory (MB): peak = 659.336 ; gain = 422.336
Finished Renaming Generated Nets : Time (s): cpu = 00:01:02 ; elapsed = 00:01:02 . Memory (MB): peak = 659.336 ; gain = 422.336

Report Cell Usage: 
+------+---------+------+
|      |Cell     |Count |
+------+---------+------+
|1     |RAMB18E1 |     1|
+------+---------+------+
Finished Writing Synthesis Report : Time (s): cpu = 00:01:02 ; elapsed = 00:01:02 . Memory (MB): peak = 659.336 ; gain = 422.336
synth_design: Time (s): cpu = 00:01:03 ; elapsed = 00:01:04 . Memory (MB): peak = 677.562 ; gain = 440.562
