
*** Running vivado
    with args -log data_ram.vds -m64 -product Vivado -mode batch -messageDb vivado.pb -notrace -source data_ram.tcl


****** Vivado v2017.1 (64-bit)
  **** SW Build 1846317 on Fri Apr 14 18:55:03 MDT 2017
  **** IP Build 1846188 on Fri Apr 14 20:52:08 MDT 2017
    ** Copyright 1986-2017 Xilinx, Inc. All Rights Reserved.

source data_ram.tcl -notrace
Starting RTL Elaboration : Time (s): cpu = 00:00:13 ; elapsed = 00:00:15 . Memory (MB): peak = 318.719 ; gain = 81.191
INFO: [Synth 8-638] synthesizing module 'data_ram' [d:/My Projects/VerilogProj_2013631/project_8/project_8.srcs/sources_1/ip/data_ram/synth/data_ram.vhd:75]
INFO: [Synth 8-256] done synthesizing module 'data_ram' (9#1) [d:/My Projects/VerilogProj_2013631/project_8/project_8.srcs/sources_1/ip/data_ram/synth/data_ram.vhd:75]
Finished RTL Elaboration : Time (s): cpu = 00:01:44 ; elapsed = 00:01:49 . Memory (MB): peak = 525.129 ; gain = 287.602
Finished RTL Optimization Phase 1 : Time (s): cpu = 00:01:44 ; elapsed = 00:01:50 . Memory (MB): peak = 525.129 ; gain = 287.602
INFO: [Device 21-403] Loading part xc7a200tfbg676-2
Constraint Validation Runtime : Time (s): cpu = 00:00:00 ; elapsed = 00:00:00.074 . Memory (MB): peak = 627.090 ; gain = 0.000
Finished Constraint Validation : Time (s): cpu = 00:02:07 ; elapsed = 00:02:14 . Memory (MB): peak = 627.090 ; gain = 389.562
Finished Loading Part and Timing Information : Time (s): cpu = 00:02:07 ; elapsed = 00:02:14 . Memory (MB): peak = 627.090 ; gain = 389.562
Finished applying 'set_property' XDC Constraints : Time (s): cpu = 00:02:07 ; elapsed = 00:02:15 . Memory (MB): peak = 627.090 ; gain = 389.562
Finished RTL Optimization Phase 2 : Time (s): cpu = 00:02:07 ; elapsed = 00:02:15 . Memory (MB): peak = 627.090 ; gain = 389.562
Finished Cross Boundary and Area Optimization : Time (s): cpu = 00:02:07 ; elapsed = 00:02:15 . Memory (MB): peak = 627.090 ; gain = 389.562
Finished Applying XDC Timing Constraints : Time (s): cpu = 00:02:33 ; elapsed = 00:02:41 . Memory (MB): peak = 650.703 ; gain = 413.176
Finished Timing Optimization : Time (s): cpu = 00:02:33 ; elapsed = 00:02:41 . Memory (MB): peak = 650.703 ; gain = 413.176
Finished Technology Mapping : Time (s): cpu = 00:02:33 ; elapsed = 00:02:41 . Memory (MB): peak = 661.848 ; gain = 424.320
Finished IO Insertion : Time (s): cpu = 00:02:34 ; elapsed = 00:02:43 . Memory (MB): peak = 661.848 ; gain = 424.320
Finished Renaming Generated Instances : Time (s): cpu = 00:02:34 ; elapsed = 00:02:43 . Memory (MB): peak = 661.848 ; gain = 424.320
Finished Rebuilding User Hierarchy : Time (s): cpu = 00:02:34 ; elapsed = 00:02:43 . Memory (MB): peak = 661.848 ; gain = 424.320
Finished Renaming Generated Ports : Time (s): cpu = 00:02:34 ; elapsed = 00:02:43 . Memory (MB): peak = 661.848 ; gain = 424.320
Finished Handling Custom Attributes : Time (s): cpu = 00:02:34 ; elapsed = 00:02:43 . Memory (MB): peak = 661.848 ; gain = 424.320
Finished Renaming Generated Nets : Time (s): cpu = 00:02:34 ; elapsed = 00:02:43 . Memory (MB): peak = 661.848 ; gain = 424.320

Report Cell Usage: 
+------+---------+------+
|      |Cell     |Count |
+------+---------+------+
|1     |RAMB36E1 |     1|
+------+---------+------+
Finished Writing Synthesis Report : Time (s): cpu = 00:02:34 ; elapsed = 00:02:43 . Memory (MB): peak = 661.848 ; gain = 424.320
synth_design: Time (s): cpu = 00:02:38 ; elapsed = 00:02:46 . Memory (MB): peak = 678.066 ; gain = 440.539
