
*** Running vivado
    with args -log data_ram.vds -m64 -product Vivado -mode batch -messageDb vivado.pb -notrace -source data_ram.tcl


****** Vivado v2017.1 (64-bit)
  **** SW Build 1846317 on Fri Apr 14 18:55:03 MDT 2017
  **** IP Build 1846188 on Fri Apr 14 20:52:08 MDT 2017
    ** Copyright 1986-2017 Xilinx, Inc. All Rights Reserved.

source data_ram.tcl -notrace
Starting RTL Elaboration : Time (s): cpu = 00:00:05 ; elapsed = 00:00:05 . Memory (MB): peak = 318.547 ; gain = 82.082
INFO: [Synth 8-638] synthesizing module 'data_ram' [d:/My Projects/VerilogProj_2013631/improve_newestpipeline/improve_newestpipeline.srcs/sources_1/ip/data_ram/synth/data_ram.vhd:74]
INFO: [Synth 8-256] done synthesizing module 'data_ram' (9#1) [d:/My Projects/VerilogProj_2013631/improve_newestpipeline/improve_newestpipeline.srcs/sources_1/ip/data_ram/synth/data_ram.vhd:74]
Finished RTL Elaboration : Time (s): cpu = 00:00:44 ; elapsed = 00:00:45 . Memory (MB): peak = 525.078 ; gain = 288.613
Finished RTL Optimization Phase 1 : Time (s): cpu = 00:00:44 ; elapsed = 00:00:45 . Memory (MB): peak = 525.078 ; gain = 288.613
INFO: [Device 21-403] Loading part xc7a200tfbg676-2
Constraint Validation Runtime : Time (s): cpu = 00:00:00 ; elapsed = 00:00:00.016 . Memory (MB): peak = 627.125 ; gain = 0.000
Finished Constraint Validation : Time (s): cpu = 00:00:54 ; elapsed = 00:00:55 . Memory (MB): peak = 627.125 ; gain = 390.660
Finished Loading Part and Timing Information : Time (s): cpu = 00:00:54 ; elapsed = 00:00:55 . Memory (MB): peak = 627.125 ; gain = 390.660
Finished applying 'set_property' XDC Constraints : Time (s): cpu = 00:00:54 ; elapsed = 00:00:55 . Memory (MB): peak = 627.125 ; gain = 390.660
Finished RTL Optimization Phase 2 : Time (s): cpu = 00:00:54 ; elapsed = 00:00:56 . Memory (MB): peak = 627.125 ; gain = 390.660
Finished Cross Boundary and Area Optimization : Time (s): cpu = 00:00:55 ; elapsed = 00:00:56 . Memory (MB): peak = 627.125 ; gain = 390.660
Finished Applying XDC Timing Constraints : Time (s): cpu = 00:01:04 ; elapsed = 00:01:05 . Memory (MB): peak = 650.672 ; gain = 414.207
Finished Timing Optimization : Time (s): cpu = 00:01:04 ; elapsed = 00:01:05 . Memory (MB): peak = 652.676 ; gain = 416.211
Finished Technology Mapping : Time (s): cpu = 00:01:04 ; elapsed = 00:01:05 . Memory (MB): peak = 661.816 ; gain = 425.352
Finished IO Insertion : Time (s): cpu = 00:01:05 ; elapsed = 00:01:06 . Memory (MB): peak = 661.816 ; gain = 425.352
Finished Renaming Generated Instances : Time (s): cpu = 00:01:05 ; elapsed = 00:01:06 . Memory (MB): peak = 661.816 ; gain = 425.352
Finished Rebuilding User Hierarchy : Time (s): cpu = 00:01:05 ; elapsed = 00:01:06 . Memory (MB): peak = 661.816 ; gain = 425.352
Finished Renaming Generated Ports : Time (s): cpu = 00:01:05 ; elapsed = 00:01:06 . Memory (MB): peak = 661.816 ; gain = 425.352
Finished Handling Custom Attributes : Time (s): cpu = 00:01:05 ; elapsed = 00:01:06 . Memory (MB): peak = 661.816 ; gain = 425.352
Finished Renaming Generated Nets : Time (s): cpu = 00:01:05 ; elapsed = 00:01:06 . Memory (MB): peak = 661.816 ; gain = 425.352

Report Cell Usage: 
+------+---------+------+
|      |Cell     |Count |
+------+---------+------+
|1     |RAMB36E1 |     1|
+------+---------+------+
Finished Writing Synthesis Report : Time (s): cpu = 00:01:05 ; elapsed = 00:01:06 . Memory (MB): peak = 661.816 ; gain = 425.352
synth_design: Time (s): cpu = 00:01:06 ; elapsed = 00:01:07 . Memory (MB): peak = 678.039 ; gain = 441.574
