#-----------------------------------------------------------
# Vivado v2017.1 (64-bit)
# SW Build 1846317 on Fri Apr 14 18:55:03 MDT 2017
# IP Build 1846188 on Fri Apr 14 20:52:08 MDT 2017
# Start of session at: Fri May  6 17:15:49 2022
# Process ID: 4120
# Current directory: D:/My Projects/VerilogProj_2013631/project_3
# Command line: vivado.exe -gui_launcher_event rodinguilauncherevent11768 D:\My Projects\VerilogProj_2013631\project_3\project_3.xpr
# Log file: D:/My Projects/VerilogProj_2013631/project_3/vivado.log
# Journal file: D:/My Projects/VerilogProj_2013631/project_3\vivado.jou
#-----------------------------------------------------------
start_gui
open_project {D:/My Projects/VerilogProj_2013631/project_3/project_3.xpr}
Scanning sources...
Finished scanning sources
INFO: [IP_Flow 19-234] Refreshing IP repositories
INFO: [IP_Flow 19-1704] No user IP repositories specified
INFO: [IP_Flow 19-2313] Loaded Vivado IP repository 'D:/Xilinx/Vivado/2017.1/data/ip'.
open_project: Time (s): cpu = 00:00:18 ; elapsed = 00:00:06 . Memory (MB): peak = 878.633 ; gain = 138.195
update_compile_order -fileset sources_1
exit
INFO: [Common 17-206] Exiting Vivado at Fri May  6 17:20:49 2022...
