Vivado Simulator 2017.1
Time resolution is 1 ps
 Block Memory Generator module loading initial data...
 Block Memory Generator data initialization complete.
Block Memory Generator module tb.uut.inst_rom_module.inst.native_mem_module.blk_mem_gen_v8_3_6_inst is using a behavioral model for simulation which will not precisely model memory collision behavior.
Block Memory Generator module tb.uut.data_ram_module.inst.native_mem_module.blk_mem_gen_v8_3_6_inst is using a behavioral model for simulation which will not precisely model memory collision behavior.
blk_mem_gen_v8_3_6 collision detected at time: 2235000, A write address: 0, B  read address: 0
blk_mem_gen_v8_3_6 collision detected at time: 2245000, A write address: 0, B  read address: 0
blk_mem_gen_v8_3_6 collision detected at time: 9185000, A write address: 0, B  read address: 0
blk_mem_gen_v8_3_6 collision detected at time: 9195000, A write address: 0, B  read address: 0
blk_mem_gen_v8_3_6 collision detected at time: 16135000, A write address: 0, B  read address: 0
blk_mem_gen_v8_3_6 collision detected at time: 16145000, A write address: 0, B  read address: 0
blk_mem_gen_v8_3_6 collision detected at time: 23085000, A write address: 0, B  read address: 0
blk_mem_gen_v8_3_6 collision detected at time: 23095000, A write address: 0, B  read address: 0
blk_mem_gen_v8_3_6 collision detected at time: 30035000, A write address: 0, B  read address: 0
blk_mem_gen_v8_3_6 collision detected at time: 30045000, A write address: 0, B  read address: 0
blk_mem_gen_v8_3_6 collision detected at time: 36985000, A write address: 0, B  read address: 0
blk_mem_gen_v8_3_6 collision detected at time: 36995000, A write address: 0, B  read address: 0
blk_mem_gen_v8_3_6 collision detected at time: 43935000, A write address: 0, B  read address: 0
blk_mem_gen_v8_3_6 collision detected at time: 43945000, A write address: 0, B  read address: 0
blk_mem_gen_v8_3_6 collision detected at time: 50885000, A write address: 0, B  read address: 0
blk_mem_gen_v8_3_6 collision detected at time: 50895000, A write address: 0, B  read address: 0
blk_mem_gen_v8_3_6 collision detected at time: 57835000, A write address: 0, B  read address: 0
blk_mem_gen_v8_3_6 collision detected at time: 57845000, A write address: 0, B  read address: 0
blk_mem_gen_v8_3_6 collision detected at time: 64785000, A write address: 0, B  read address: 0
blk_mem_gen_v8_3_6 collision detected at time: 64795000, A write address: 0, B  read address: 0
blk_mem_gen_v8_3_6 collision detected at time: 71735000, A write address: 0, B  read address: 0
blk_mem_gen_v8_3_6 collision detected at time: 71745000, A write address: 0, B  read address: 0
blk_mem_gen_v8_3_6 collision detected at time: 78685000, A write address: 0, B  read address: 0
blk_mem_gen_v8_3_6 collision detected at time: 78695000, A write address: 0, B  read address: 0
blk_mem_gen_v8_3_6 collision detected at time: 85635000, A write address: 0, B  read address: 0
blk_mem_gen_v8_3_6 collision detected at time: 85645000, A write address: 0, B  read address: 0
blk_mem_gen_v8_3_6 collision detected at time: 92585000, A write address: 0, B  read address: 0
blk_mem_gen_v8_3_6 collision detected at time: 92595000, A write address: 0, B  read address: 0
blk_mem_gen_v8_3_6 collision detected at time: 99535000, A write address: 0, B  read address: 0
blk_mem_gen_v8_3_6 collision detected at time: 99545000, A write address: 0, B  read address: 0
blk_mem_gen_v8_3_6 collision detected at time: 106485000, A write address: 0, B  read address: 0
blk_mem_gen_v8_3_6 collision detected at time: 106495000, A write address: 0, B  read address: 0
blk_mem_gen_v8_3_6 collision detected at time: 113435000, A write address: 0, B  read address: 0
blk_mem_gen_v8_3_6 collision detected at time: 113445000, A write address: 0, B  read address: 0
blk_mem_gen_v8_3_6 collision detected at time: 120385000, A write address: 0, B  read address: 0
blk_mem_gen_v8_3_6 collision detected at time: 120395000, A write address: 0, B  read address: 0
blk_mem_gen_v8_3_6 collision detected at time: 127335000, A write address: 0, B  read address: 0
blk_mem_gen_v8_3_6 collision detected at time: 127345000, A write address: 0, B  read address: 0
blk_mem_gen_v8_3_6 collision detected at time: 134285000, A write address: 0, B  read address: 0
blk_mem_gen_v8_3_6 collision detected at time: 134295000, A write address: 0, B  read address: 0
blk_mem_gen_v8_3_6 collision detected at time: 141235000, A write address: 0, B  read address: 0
blk_mem_gen_v8_3_6 collision detected at time: 141245000, A write address: 0, B  read address: 0
blk_mem_gen_v8_3_6 collision detected at time: 148185000, A write address: 0, B  read address: 0
blk_mem_gen_v8_3_6 collision detected at time: 148195000, A write address: 0, B  read address: 0
blk_mem_gen_v8_3_6 collision detected at time: 155135000, A write address: 0, B  read address: 0
blk_mem_gen_v8_3_6 collision detected at time: 155145000, A write address: 0, B  read address: 0
blk_mem_gen_v8_3_6 collision detected at time: 162085000, A write address: 0, B  read address: 0
blk_mem_gen_v8_3_6 collision detected at time: 162095000, A write address: 0, B  read address: 0
blk_mem_gen_v8_3_6 collision detected at time: 169035000, A write address: 0, B  read address: 0
blk_mem_gen_v8_3_6 collision detected at time: 169045000, A write address: 0, B  read address: 0
blk_mem_gen_v8_3_6 collision detected at time: 175985000, A write address: 0, B  read address: 0
blk_mem_gen_v8_3_6 collision detected at time: 175995000, A write address: 0, B  read address: 0
blk_mem_gen_v8_3_6 collision detected at time: 182935000, A write address: 0, B  read address: 0
blk_mem_gen_v8_3_6 collision detected at time: 182945000, A write address: 0, B  read address: 0
blk_mem_gen_v8_3_6 collision detected at time: 189885000, A write address: 0, B  read address: 0
blk_mem_gen_v8_3_6 collision detected at time: 189895000, A write address: 0, B  read address: 0
blk_mem_gen_v8_3_6 collision detected at time: 196835000, A write address: 0, B  read address: 0
blk_mem_gen_v8_3_6 collision detected at time: 196845000, A write address: 0, B  read address: 0
blk_mem_gen_v8_3_6 collision detected at time: 203785000, A write address: 0, B  read address: 0
blk_mem_gen_v8_3_6 collision detected at time: 203795000, A write address: 0, B  read address: 0
blk_mem_gen_v8_3_6 collision detected at time: 210735000, A write address: 0, B  read address: 0
blk_mem_gen_v8_3_6 collision detected at time: 210745000, A write address: 0, B  read address: 0
blk_mem_gen_v8_3_6 collision detected at time: 217685000, A write address: 0, B  read address: 0
blk_mem_gen_v8_3_6 collision detected at time: 217695000, A write address: 0, B  read address: 0
blk_mem_gen_v8_3_6 collision detected at time: 224635000, A write address: 0, B  read address: 0
blk_mem_gen_v8_3_6 collision detected at time: 224645000, A write address: 0, B  read address: 0
blk_mem_gen_v8_3_6 collision detected at time: 231585000, A write address: 0, B  read address: 0
blk_mem_gen_v8_3_6 collision detected at time: 231595000, A write address: 0, B  read address: 0
blk_mem_gen_v8_3_6 collision detected at time: 238535000, A write address: 0, B  read address: 0
blk_mem_gen_v8_3_6 collision detected at time: 238545000, A write address: 0, B  read address: 0
blk_mem_gen_v8_3_6 collision detected at time: 245485000, A write address: 0, B  read address: 0
blk_mem_gen_v8_3_6 collision detected at time: 245495000, A write address: 0, B  read address: 0
blk_mem_gen_v8_3_6 collision detected at time: 252435000, A write address: 0, B  read address: 0
blk_mem_gen_v8_3_6 collision detected at time: 252445000, A write address: 0, B  read address: 0
blk_mem_gen_v8_3_6 collision detected at time: 259385000, A write address: 0, B  read address: 0
blk_mem_gen_v8_3_6 collision detected at time: 259395000, A write address: 0, B  read address: 0
blk_mem_gen_v8_3_6 collision detected at time: 266335000, A write address: 0, B  read address: 0
blk_mem_gen_v8_3_6 collision detected at time: 266345000, A write address: 0, B  read address: 0
blk_mem_gen_v8_3_6 collision detected at time: 273285000, A write address: 0, B  read address: 0
blk_mem_gen_v8_3_6 collision detected at time: 273295000, A write address: 0, B  read address: 0
blk_mem_gen_v8_3_6 collision detected at time: 280235000, A write address: 0, B  read address: 0
blk_mem_gen_v8_3_6 collision detected at time: 280245000, A write address: 0, B  read address: 0
blk_mem_gen_v8_3_6 collision detected at time: 287185000, A write address: 0, B  read address: 0
blk_mem_gen_v8_3_6 collision detected at time: 287195000, A write address: 0, B  read address: 0
blk_mem_gen_v8_3_6 collision detected at time: 294135000, A write address: 0, B  read address: 0
blk_mem_gen_v8_3_6 collision detected at time: 294145000, A write address: 0, B  read address: 0
blk_mem_gen_v8_3_6 collision detected at time: 301085000, A write address: 0, B  read address: 0
blk_mem_gen_v8_3_6 collision detected at time: 301095000, A write address: 0, B  read address: 0
blk_mem_gen_v8_3_6 collision detected at time: 308035000, A write address: 0, B  read address: 0
blk_mem_gen_v8_3_6 collision detected at time: 308045000, A write address: 0, B  read address: 0
blk_mem_gen_v8_3_6 collision detected at time: 314985000, A write address: 0, B  read address: 0
blk_mem_gen_v8_3_6 collision detected at time: 314995000, A write address: 0, B  read address: 0
blk_mem_gen_v8_3_6 collision detected at time: 321935000, A write address: 0, B  read address: 0
blk_mem_gen_v8_3_6 collision detected at time: 321945000, A write address: 0, B  read address: 0
blk_mem_gen_v8_3_6 collision detected at time: 328885000, A write address: 0, B  read address: 0
blk_mem_gen_v8_3_6 collision detected at time: 328895000, A write address: 0, B  read address: 0
blk_mem_gen_v8_3_6 collision detected at time: 335835000, A write address: 0, B  read address: 0
blk_mem_gen_v8_3_6 collision detected at time: 335845000, A write address: 0, B  read address: 0
blk_mem_gen_v8_3_6 collision detected at time: 342785000, A write address: 0, B  read address: 0
blk_mem_gen_v8_3_6 collision detected at time: 342795000, A write address: 0, B  read address: 0
blk_mem_gen_v8_3_6 collision detected at time: 349735000, A write address: 0, B  read address: 0
blk_mem_gen_v8_3_6 collision detected at time: 349745000, A write address: 0, B  read address: 0
blk_mem_gen_v8_3_6 collision detected at time: 356685000, A write address: 0, B  read address: 0
blk_mem_gen_v8_3_6 collision detected at time: 356695000, A write address: 0, B  read address: 0
blk_mem_gen_v8_3_6 collision detected at time: 363635000, A write address: 0, B  read address: 0
blk_mem_gen_v8_3_6 collision detected at time: 363645000, A write address: 0, B  read address: 0
blk_mem_gen_v8_3_6 collision detected at time: 370585000, A write address: 0, B  read address: 0
blk_mem_gen_v8_3_6 collision detected at time: 370595000, A write address: 0, B  read address: 0
blk_mem_gen_v8_3_6 collision detected at time: 377535000, A write address: 0, B  read address: 0
blk_mem_gen_v8_3_6 collision detected at time: 377545000, A write address: 0, B  read address: 0
blk_mem_gen_v8_3_6 collision detected at time: 384485000, A write address: 0, B  read address: 0
blk_mem_gen_v8_3_6 collision detected at time: 384495000, A write address: 0, B  read address: 0
blk_mem_gen_v8_3_6 collision detected at time: 391435000, A write address: 0, B  read address: 0
blk_mem_gen_v8_3_6 collision detected at time: 391445000, A write address: 0, B  read address: 0
blk_mem_gen_v8_3_6 collision detected at time: 398385000, A write address: 0, B  read address: 0
blk_mem_gen_v8_3_6 collision detected at time: 398395000, A write address: 0, B  read address: 0
blk_mem_gen_v8_3_6 collision detected at time: 405335000, A write address: 0, B  read address: 0
blk_mem_gen_v8_3_6 collision detected at time: 405345000, A write address: 0, B  read address: 0
blk_mem_gen_v8_3_6 collision detected at time: 412285000, A write address: 0, B  read address: 0
blk_mem_gen_v8_3_6 collision detected at time: 412295000, A write address: 0, B  read address: 0
blk_mem_gen_v8_3_6 collision detected at time: 419235000, A write address: 0, B  read address: 0
blk_mem_gen_v8_3_6 collision detected at time: 419245000, A write address: 0, B  read address: 0
blk_mem_gen_v8_3_6 collision detected at time: 426185000, A write address: 0, B  read address: 0
blk_mem_gen_v8_3_6 collision detected at time: 426195000, A write address: 0, B  read address: 0
blk_mem_gen_v8_3_6 collision detected at time: 433135000, A write address: 0, B  read address: 0
blk_mem_gen_v8_3_6 collision detected at time: 433145000, A write address: 0, B  read address: 0
blk_mem_gen_v8_3_6 collision detected at time: 440085000, A write address: 0, B  read address: 0
blk_mem_gen_v8_3_6 collision detected at time: 440095000, A write address: 0, B  read address: 0
blk_mem_gen_v8_3_6 collision detected at time: 447035000, A write address: 0, B  read address: 0
blk_mem_gen_v8_3_6 collision detected at time: 447045000, A write address: 0, B  read address: 0
blk_mem_gen_v8_3_6 collision detected at time: 453985000, A write address: 0, B  read address: 0
blk_mem_gen_v8_3_6 collision detected at time: 453995000, A write address: 0, B  read address: 0
blk_mem_gen_v8_3_6 collision detected at time: 460935000, A write address: 0, B  read address: 0
blk_mem_gen_v8_3_6 collision detected at time: 460945000, A write address: 0, B  read address: 0
blk_mem_gen_v8_3_6 collision detected at time: 467885000, A write address: 0, B  read address: 0
blk_mem_gen_v8_3_6 collision detected at time: 467895000, A write address: 0, B  read address: 0
blk_mem_gen_v8_3_6 collision detected at time: 474835000, A write address: 0, B  read address: 0
blk_mem_gen_v8_3_6 collision detected at time: 474845000, A write address: 0, B  read address: 0
blk_mem_gen_v8_3_6 collision detected at time: 481785000, A write address: 0, B  read address: 0
blk_mem_gen_v8_3_6 collision detected at time: 481795000, A write address: 0, B  read address: 0
blk_mem_gen_v8_3_6 collision detected at time: 488735000, A write address: 0, B  read address: 0
blk_mem_gen_v8_3_6 collision detected at time: 488745000, A write address: 0, B  read address: 0
blk_mem_gen_v8_3_6 collision detected at time: 495685000, A write address: 0, B  read address: 0
blk_mem_gen_v8_3_6 collision detected at time: 495695000, A write address: 0, B  read address: 0
blk_mem_gen_v8_3_6 collision detected at time: 502635000, A write address: 0, B  read address: 0
blk_mem_gen_v8_3_6 collision detected at time: 502645000, A write address: 0, B  read address: 0
blk_mem_gen_v8_3_6 collision detected at time: 509585000, A write address: 0, B  read address: 0
blk_mem_gen_v8_3_6 collision detected at time: 509595000, A write address: 0, B  read address: 0
blk_mem_gen_v8_3_6 collision detected at time: 516535000, A write address: 0, B  read address: 0
blk_mem_gen_v8_3_6 collision detected at time: 516545000, A write address: 0, B  read address: 0
blk_mem_gen_v8_3_6 collision detected at time: 523485000, A write address: 0, B  read address: 0
blk_mem_gen_v8_3_6 collision detected at time: 523495000, A write address: 0, B  read address: 0
blk_mem_gen_v8_3_6 collision detected at time: 530435000, A write address: 0, B  read address: 0
blk_mem_gen_v8_3_6 collision detected at time: 530445000, A write address: 0, B  read address: 0
blk_mem_gen_v8_3_6 collision detected at time: 537385000, A write address: 0, B  read address: 0
blk_mem_gen_v8_3_6 collision detected at time: 537395000, A write address: 0, B  read address: 0
blk_mem_gen_v8_3_6 collision detected at time: 544335000, A write address: 0, B  read address: 0
blk_mem_gen_v8_3_6 collision detected at time: 544345000, A write address: 0, B  read address: 0
blk_mem_gen_v8_3_6 collision detected at time: 551285000, A write address: 0, B  read address: 0
blk_mem_gen_v8_3_6 collision detected at time: 551295000, A write address: 0, B  read address: 0
blk_mem_gen_v8_3_6 collision detected at time: 558235000, A write address: 0, B  read address: 0
blk_mem_gen_v8_3_6 collision detected at time: 558245000, A write address: 0, B  read address: 0
blk_mem_gen_v8_3_6 collision detected at time: 565185000, A write address: 0, B  read address: 0
blk_mem_gen_v8_3_6 collision detected at time: 565195000, A write address: 0, B  read address: 0
blk_mem_gen_v8_3_6 collision detected at time: 572135000, A write address: 0, B  read address: 0
blk_mem_gen_v8_3_6 collision detected at time: 572145000, A write address: 0, B  read address: 0
blk_mem_gen_v8_3_6 collision detected at time: 579085000, A write address: 0, B  read address: 0
blk_mem_gen_v8_3_6 collision detected at time: 579095000, A write address: 0, B  read address: 0
blk_mem_gen_v8_3_6 collision detected at time: 586035000, A write address: 0, B  read address: 0
blk_mem_gen_v8_3_6 collision detected at time: 586045000, A write address: 0, B  read address: 0
blk_mem_gen_v8_3_6 collision detected at time: 592985000, A write address: 0, B  read address: 0
blk_mem_gen_v8_3_6 collision detected at time: 592995000, A write address: 0, B  read address: 0
blk_mem_gen_v8_3_6 collision detected at time: 599935000, A write address: 0, B  read address: 0
blk_mem_gen_v8_3_6 collision detected at time: 599945000, A write address: 0, B  read address: 0
blk_mem_gen_v8_3_6 collision detected at time: 606885000, A write address: 0, B  read address: 0
blk_mem_gen_v8_3_6 collision detected at time: 606895000, A write address: 0, B  read address: 0
blk_mem_gen_v8_3_6 collision detected at time: 613835000, A write address: 0, B  read address: 0
blk_mem_gen_v8_3_6 collision detected at time: 613845000, A write address: 0, B  read address: 0
blk_mem_gen_v8_3_6 collision detected at time: 620785000, A write address: 0, B  read address: 0
blk_mem_gen_v8_3_6 collision detected at time: 620795000, A write address: 0, B  read address: 0
blk_mem_gen_v8_3_6 collision detected at time: 627735000, A write address: 0, B  read address: 0
blk_mem_gen_v8_3_6 collision detected at time: 627745000, A write address: 0, B  read address: 0
blk_mem_gen_v8_3_6 collision detected at time: 634685000, A write address: 0, B  read address: 0
blk_mem_gen_v8_3_6 collision detected at time: 634695000, A write address: 0, B  read address: 0
blk_mem_gen_v8_3_6 collision detected at time: 641635000, A write address: 0, B  read address: 0
blk_mem_gen_v8_3_6 collision detected at time: 641645000, A write address: 0, B  read address: 0
blk_mem_gen_v8_3_6 collision detected at time: 648585000, A write address: 0, B  read address: 0
blk_mem_gen_v8_3_6 collision detected at time: 648595000, A write address: 0, B  read address: 0
blk_mem_gen_v8_3_6 collision detected at time: 655535000, A write address: 0, B  read address: 0
blk_mem_gen_v8_3_6 collision detected at time: 655545000, A write address: 0, B  read address: 0
blk_mem_gen_v8_3_6 collision detected at time: 662485000, A write address: 0, B  read address: 0
blk_mem_gen_v8_3_6 collision detected at time: 662495000, A write address: 0, B  read address: 0
blk_mem_gen_v8_3_6 collision detected at time: 669435000, A write address: 0, B  read address: 0
blk_mem_gen_v8_3_6 collision detected at time: 669445000, A write address: 0, B  read address: 0
blk_mem_gen_v8_3_6 collision detected at time: 676385000, A write address: 0, B  read address: 0
blk_mem_gen_v8_3_6 collision detected at time: 676395000, A write address: 0, B  read address: 0
blk_mem_gen_v8_3_6 collision detected at time: 683335000, A write address: 0, B  read address: 0
blk_mem_gen_v8_3_6 collision detected at time: 683345000, A write address: 0, B  read address: 0
blk_mem_gen_v8_3_6 collision detected at time: 690285000, A write address: 0, B  read address: 0
blk_mem_gen_v8_3_6 collision detected at time: 690295000, A write address: 0, B  read address: 0
blk_mem_gen_v8_3_6 collision detected at time: 697235000, A write address: 0, B  read address: 0
blk_mem_gen_v8_3_6 collision detected at time: 697245000, A write address: 0, B  read address: 0
blk_mem_gen_v8_3_6 collision detected at time: 704185000, A write address: 0, B  read address: 0
blk_mem_gen_v8_3_6 collision detected at time: 704195000, A write address: 0, B  read address: 0
blk_mem_gen_v8_3_6 collision detected at time: 711135000, A write address: 0, B  read address: 0
blk_mem_gen_v8_3_6 collision detected at time: 711145000, A write address: 0, B  read address: 0
blk_mem_gen_v8_3_6 collision detected at time: 718085000, A write address: 0, B  read address: 0
blk_mem_gen_v8_3_6 collision detected at time: 718095000, A write address: 0, B  read address: 0
blk_mem_gen_v8_3_6 collision detected at time: 725035000, A write address: 0, B  read address: 0
blk_mem_gen_v8_3_6 collision detected at time: 725045000, A write address: 0, B  read address: 0
blk_mem_gen_v8_3_6 collision detected at time: 731985000, A write address: 0, B  read address: 0
blk_mem_gen_v8_3_6 collision detected at time: 731995000, A write address: 0, B  read address: 0
blk_mem_gen_v8_3_6 collision detected at time: 738935000, A write address: 0, B  read address: 0
blk_mem_gen_v8_3_6 collision detected at time: 738945000, A write address: 0, B  read address: 0
blk_mem_gen_v8_3_6 collision detected at time: 745885000, A write address: 0, B  read address: 0
blk_mem_gen_v8_3_6 collision detected at time: 745895000, A write address: 0, B  read address: 0
blk_mem_gen_v8_3_6 collision detected at time: 752835000, A write address: 0, B  read address: 0
blk_mem_gen_v8_3_6 collision detected at time: 752845000, A write address: 0, B  read address: 0
blk_mem_gen_v8_3_6 collision detected at time: 759785000, A write address: 0, B  read address: 0
blk_mem_gen_v8_3_6 collision detected at time: 759795000, A write address: 0, B  read address: 0
blk_mem_gen_v8_3_6 collision detected at time: 766735000, A write address: 0, B  read address: 0
blk_mem_gen_v8_3_6 collision detected at time: 766745000, A write address: 0, B  read address: 0
blk_mem_gen_v8_3_6 collision detected at time: 773685000, A write address: 0, B  read address: 0
blk_mem_gen_v8_3_6 collision detected at time: 773695000, A write address: 0, B  read address: 0
blk_mem_gen_v8_3_6 collision detected at time: 780635000, A write address: 0, B  read address: 0
blk_mem_gen_v8_3_6 collision detected at time: 780645000, A write address: 0, B  read address: 0
blk_mem_gen_v8_3_6 collision detected at time: 787585000, A write address: 0, B  read address: 0
blk_mem_gen_v8_3_6 collision detected at time: 787595000, A write address: 0, B  read address: 0
blk_mem_gen_v8_3_6 collision detected at time: 794535000, A write address: 0, B  read address: 0
blk_mem_gen_v8_3_6 collision detected at time: 794545000, A write address: 0, B  read address: 0
blk_mem_gen_v8_3_6 collision detected at time: 801485000, A write address: 0, B  read address: 0
blk_mem_gen_v8_3_6 collision detected at time: 801495000, A write address: 0, B  read address: 0
blk_mem_gen_v8_3_6 collision detected at time: 808435000, A write address: 0, B  read address: 0
blk_mem_gen_v8_3_6 collision detected at time: 808445000, A write address: 0, B  read address: 0
blk_mem_gen_v8_3_6 collision detected at time: 815385000, A write address: 0, B  read address: 0
blk_mem_gen_v8_3_6 collision detected at time: 815395000, A write address: 0, B  read address: 0
blk_mem_gen_v8_3_6 collision detected at time: 822335000, A write address: 0, B  read address: 0
blk_mem_gen_v8_3_6 collision detected at time: 822345000, A write address: 0, B  read address: 0
blk_mem_gen_v8_3_6 collision detected at time: 829285000, A write address: 0, B  read address: 0
blk_mem_gen_v8_3_6 collision detected at time: 829295000, A write address: 0, B  read address: 0
blk_mem_gen_v8_3_6 collision detected at time: 836235000, A write address: 0, B  read address: 0
blk_mem_gen_v8_3_6 collision detected at time: 836245000, A write address: 0, B  read address: 0
blk_mem_gen_v8_3_6 collision detected at time: 843185000, A write address: 0, B  read address: 0
blk_mem_gen_v8_3_6 collision detected at time: 843195000, A write address: 0, B  read address: 0
blk_mem_gen_v8_3_6 collision detected at time: 850135000, A write address: 0, B  read address: 0
blk_mem_gen_v8_3_6 collision detected at time: 850145000, A write address: 0, B  read address: 0
blk_mem_gen_v8_3_6 collision detected at time: 857085000, A write address: 0, B  read address: 0
blk_mem_gen_v8_3_6 collision detected at time: 857095000, A write address: 0, B  read address: 0
blk_mem_gen_v8_3_6 collision detected at time: 864035000, A write address: 0, B  read address: 0
blk_mem_gen_v8_3_6 collision detected at time: 864045000, A write address: 0, B  read address: 0
blk_mem_gen_v8_3_6 collision detected at time: 870985000, A write address: 0, B  read address: 0
blk_mem_gen_v8_3_6 collision detected at time: 870995000, A write address: 0, B  read address: 0
blk_mem_gen_v8_3_6 collision detected at time: 877935000, A write address: 0, B  read address: 0
blk_mem_gen_v8_3_6 collision detected at time: 877945000, A write address: 0, B  read address: 0
blk_mem_gen_v8_3_6 collision detected at time: 884885000, A write address: 0, B  read address: 0
blk_mem_gen_v8_3_6 collision detected at time: 884895000, A write address: 0, B  read address: 0
blk_mem_gen_v8_3_6 collision detected at time: 891835000, A write address: 0, B  read address: 0
blk_mem_gen_v8_3_6 collision detected at time: 891845000, A write address: 0, B  read address: 0
blk_mem_gen_v8_3_6 collision detected at time: 898785000, A write address: 0, B  read address: 0
blk_mem_gen_v8_3_6 collision detected at time: 898795000, A write address: 0, B  read address: 0
blk_mem_gen_v8_3_6 collision detected at time: 905735000, A write address: 0, B  read address: 0
blk_mem_gen_v8_3_6 collision detected at time: 905745000, A write address: 0, B  read address: 0
blk_mem_gen_v8_3_6 collision detected at time: 912685000, A write address: 0, B  read address: 0
blk_mem_gen_v8_3_6 collision detected at time: 912695000, A write address: 0, B  read address: 0
blk_mem_gen_v8_3_6 collision detected at time: 919635000, A write address: 0, B  read address: 0
blk_mem_gen_v8_3_6 collision detected at time: 919645000, A write address: 0, B  read address: 0
blk_mem_gen_v8_3_6 collision detected at time: 926585000, A write address: 0, B  read address: 0
blk_mem_gen_v8_3_6 collision detected at time: 926595000, A write address: 0, B  read address: 0
blk_mem_gen_v8_3_6 collision detected at time: 933535000, A write address: 0, B  read address: 0
blk_mem_gen_v8_3_6 collision detected at time: 933545000, A write address: 0, B  read address: 0
blk_mem_gen_v8_3_6 collision detected at time: 940485000, A write address: 0, B  read address: 0
blk_mem_gen_v8_3_6 collision detected at time: 940495000, A write address: 0, B  read address: 0
blk_mem_gen_v8_3_6 collision detected at time: 947435000, A write address: 0, B  read address: 0
blk_mem_gen_v8_3_6 collision detected at time: 947445000, A write address: 0, B  read address: 0
blk_mem_gen_v8_3_6 collision detected at time: 954385000, A write address: 0, B  read address: 0
blk_mem_gen_v8_3_6 collision detected at time: 954395000, A write address: 0, B  read address: 0
blk_mem_gen_v8_3_6 collision detected at time: 961335000, A write address: 0, B  read address: 0
blk_mem_gen_v8_3_6 collision detected at time: 961345000, A write address: 0, B  read address: 0
blk_mem_gen_v8_3_6 collision detected at time: 968285000, A write address: 0, B  read address: 0
blk_mem_gen_v8_3_6 collision detected at time: 968295000, A write address: 0, B  read address: 0
blk_mem_gen_v8_3_6 collision detected at time: 975235000, A write address: 0, B  read address: 0
blk_mem_gen_v8_3_6 collision detected at time: 975245000, A write address: 0, B  read address: 0
blk_mem_gen_v8_3_6 collision detected at time: 982185000, A write address: 0, B  read address: 0
blk_mem_gen_v8_3_6 collision detected at time: 982195000, A write address: 0, B  read address: 0
blk_mem_gen_v8_3_6 collision detected at time: 989135000, A write address: 0, B  read address: 0
blk_mem_gen_v8_3_6 collision detected at time: 989145000, A write address: 0, B  read address: 0
blk_mem_gen_v8_3_6 collision detected at time: 996085000, A write address: 0, B  read address: 0
blk_mem_gen_v8_3_6 collision detected at time: 996095000, A write address: 0, B  read address: 0
blk_mem_gen_v8_3_6 collision detected at time: 1003035000, A write address: 0, B  read address: 0
blk_mem_gen_v8_3_6 collision detected at time: 1003045000, A write address: 0, B  read address: 0
blk_mem_gen_v8_3_6 collision detected at time: 1009985000, A write address: 0, B  read address: 0
blk_mem_gen_v8_3_6 collision detected at time: 1009995000, A write address: 0, B  read address: 0
blk_mem_gen_v8_3_6 collision detected at time: 1016935000, A write address: 0, B  read address: 0
blk_mem_gen_v8_3_6 collision detected at time: 1016945000, A write address: 0, B  read address: 0
blk_mem_gen_v8_3_6 collision detected at time: 1023885000, A write address: 0, B  read address: 0
blk_mem_gen_v8_3_6 collision detected at time: 1023895000, A write address: 0, B  read address: 0
blk_mem_gen_v8_3_6 collision detected at time: 1030835000, A write address: 0, B  read address: 0
blk_mem_gen_v8_3_6 collision detected at time: 1030845000, A write address: 0, B  read address: 0
blk_mem_gen_v8_3_6 collision detected at time: 1037785000, A write address: 0, B  read address: 0
blk_mem_gen_v8_3_6 collision detected at time: 1037795000, A write address: 0, B  read address: 0
blk_mem_gen_v8_3_6 collision detected at time: 1044735000, A write address: 0, B  read address: 0
blk_mem_gen_v8_3_6 collision detected at time: 1044745000, A write address: 0, B  read address: 0
blk_mem_gen_v8_3_6 collision detected at time: 1051685000, A write address: 0, B  read address: 0
blk_mem_gen_v8_3_6 collision detected at time: 1051695000, A write address: 0, B  read address: 0
blk_mem_gen_v8_3_6 collision detected at time: 1058635000, A write address: 0, B  read address: 0
blk_mem_gen_v8_3_6 collision detected at time: 1058645000, A write address: 0, B  read address: 0
blk_mem_gen_v8_3_6 collision detected at time: 1065585000, A write address: 0, B  read address: 0
blk_mem_gen_v8_3_6 collision detected at time: 1065595000, A write address: 0, B  read address: 0
blk_mem_gen_v8_3_6 collision detected at time: 1072535000, A write address: 0, B  read address: 0
blk_mem_gen_v8_3_6 collision detected at time: 1072545000, A write address: 0, B  read address: 0
blk_mem_gen_v8_3_6 collision detected at time: 1079485000, A write address: 0, B  read address: 0
blk_mem_gen_v8_3_6 collision detected at time: 1079495000, A write address: 0, B  read address: 0
blk_mem_gen_v8_3_6 collision detected at time: 1086435000, A write address: 0, B  read address: 0
blk_mem_gen_v8_3_6 collision detected at time: 1086445000, A write address: 0, B  read address: 0
blk_mem_gen_v8_3_6 collision detected at time: 1093385000, A write address: 0, B  read address: 0
blk_mem_gen_v8_3_6 collision detected at time: 1093395000, A write address: 0, B  read address: 0
blk_mem_gen_v8_3_6 collision detected at time: 1100335000, A write address: 0, B  read address: 0
blk_mem_gen_v8_3_6 collision detected at time: 1100345000, A write address: 0, B  read address: 0
blk_mem_gen_v8_3_6 collision detected at time: 1107285000, A write address: 0, B  read address: 0
blk_mem_gen_v8_3_6 collision detected at time: 1107295000, A write address: 0, B  read address: 0
blk_mem_gen_v8_3_6 collision detected at time: 1114235000, A write address: 0, B  read address: 0
blk_mem_gen_v8_3_6 collision detected at time: 1114245000, A write address: 0, B  read address: 0
blk_mem_gen_v8_3_6 collision detected at time: 1121185000, A write address: 0, B  read address: 0
blk_mem_gen_v8_3_6 collision detected at time: 1121195000, A write address: 0, B  read address: 0
blk_mem_gen_v8_3_6 collision detected at time: 1128135000, A write address: 0, B  read address: 0
blk_mem_gen_v8_3_6 collision detected at time: 1128145000, A write address: 0, B  read address: 0
blk_mem_gen_v8_3_6 collision detected at time: 1135085000, A write address: 0, B  read address: 0
blk_mem_gen_v8_3_6 collision detected at time: 1135095000, A write address: 0, B  read address: 0
blk_mem_gen_v8_3_6 collision detected at time: 1142035000, A write address: 0, B  read address: 0
blk_mem_gen_v8_3_6 collision detected at time: 1142045000, A write address: 0, B  read address: 0
blk_mem_gen_v8_3_6 collision detected at time: 1148985000, A write address: 0, B  read address: 0
blk_mem_gen_v8_3_6 collision detected at time: 1148995000, A write address: 0, B  read address: 0
blk_mem_gen_v8_3_6 collision detected at time: 1155935000, A write address: 0, B  read address: 0
blk_mem_gen_v8_3_6 collision detected at time: 1155945000, A write address: 0, B  read address: 0
blk_mem_gen_v8_3_6 collision detected at time: 1162885000, A write address: 0, B  read address: 0
blk_mem_gen_v8_3_6 collision detected at time: 1162895000, A write address: 0, B  read address: 0
blk_mem_gen_v8_3_6 collision detected at time: 1169835000, A write address: 0, B  read address: 0
blk_mem_gen_v8_3_6 collision detected at time: 1169845000, A write address: 0, B  read address: 0
blk_mem_gen_v8_3_6 collision detected at time: 1176785000, A write address: 0, B  read address: 0
blk_mem_gen_v8_3_6 collision detected at time: 1176795000, A write address: 0, B  read address: 0
blk_mem_gen_v8_3_6 collision detected at time: 1183735000, A write address: 0, B  read address: 0
blk_mem_gen_v8_3_6 collision detected at time: 1183745000, A write address: 0, B  read address: 0
blk_mem_gen_v8_3_6 collision detected at time: 1190685000, A write address: 0, B  read address: 0
blk_mem_gen_v8_3_6 collision detected at time: 1190695000, A write address: 0, B  read address: 0
blk_mem_gen_v8_3_6 collision detected at time: 1197635000, A write address: 0, B  read address: 0
blk_mem_gen_v8_3_6 collision detected at time: 1197645000, A write address: 0, B  read address: 0
blk_mem_gen_v8_3_6 collision detected at time: 1204585000, A write address: 0, B  read address: 0
blk_mem_gen_v8_3_6 collision detected at time: 1204595000, A write address: 0, B  read address: 0
blk_mem_gen_v8_3_6 collision detected at time: 1211535000, A write address: 0, B  read address: 0
blk_mem_gen_v8_3_6 collision detected at time: 1211545000, A write address: 0, B  read address: 0
blk_mem_gen_v8_3_6 collision detected at time: 1218485000, A write address: 0, B  read address: 0
blk_mem_gen_v8_3_6 collision detected at time: 1218495000, A write address: 0, B  read address: 0
blk_mem_gen_v8_3_6 collision detected at time: 1225435000, A write address: 0, B  read address: 0
blk_mem_gen_v8_3_6 collision detected at time: 1225445000, A write address: 0, B  read address: 0
blk_mem_gen_v8_3_6 collision detected at time: 1232385000, A write address: 0, B  read address: 0
blk_mem_gen_v8_3_6 collision detected at time: 1232395000, A write address: 0, B  read address: 0
blk_mem_gen_v8_3_6 collision detected at time: 1239335000, A write address: 0, B  read address: 0
blk_mem_gen_v8_3_6 collision detected at time: 1239345000, A write address: 0, B  read address: 0
blk_mem_gen_v8_3_6 collision detected at time: 1246285000, A write address: 0, B  read address: 0
blk_mem_gen_v8_3_6 collision detected at time: 1246295000, A write address: 0, B  read address: 0
blk_mem_gen_v8_3_6 collision detected at time: 1253235000, A write address: 0, B  read address: 0
blk_mem_gen_v8_3_6 collision detected at time: 1253245000, A write address: 0, B  read address: 0
blk_mem_gen_v8_3_6 collision detected at time: 1260185000, A write address: 0, B  read address: 0
blk_mem_gen_v8_3_6 collision detected at time: 1260195000, A write address: 0, B  read address: 0
blk_mem_gen_v8_3_6 collision detected at time: 1267135000, A write address: 0, B  read address: 0
blk_mem_gen_v8_3_6 collision detected at time: 1267145000, A write address: 0, B  read address: 0
blk_mem_gen_v8_3_6 collision detected at time: 1274085000, A write address: 0, B  read address: 0
blk_mem_gen_v8_3_6 collision detected at time: 1274095000, A write address: 0, B  read address: 0
blk_mem_gen_v8_3_6 collision detected at time: 1281035000, A write address: 0, B  read address: 0
blk_mem_gen_v8_3_6 collision detected at time: 1281045000, A write address: 0, B  read address: 0
blk_mem_gen_v8_3_6 collision detected at time: 1287985000, A write address: 0, B  read address: 0
blk_mem_gen_v8_3_6 collision detected at time: 1287995000, A write address: 0, B  read address: 0
blk_mem_gen_v8_3_6 collision detected at time: 1294935000, A write address: 0, B  read address: 0
blk_mem_gen_v8_3_6 collision detected at time: 1294945000, A write address: 0, B  read address: 0
blk_mem_gen_v8_3_6 collision detected at time: 1301885000, A write address: 0, B  read address: 0
blk_mem_gen_v8_3_6 collision detected at time: 1301895000, A write address: 0, B  read address: 0
blk_mem_gen_v8_3_6 collision detected at time: 1308835000, A write address: 0, B  read address: 0
blk_mem_gen_v8_3_6 collision detected at time: 1308845000, A write address: 0, B  read address: 0
blk_mem_gen_v8_3_6 collision detected at time: 1315785000, A write address: 0, B  read address: 0
blk_mem_gen_v8_3_6 collision detected at time: 1315795000, A write address: 0, B  read address: 0
blk_mem_gen_v8_3_6 collision detected at time: 1322735000, A write address: 0, B  read address: 0
blk_mem_gen_v8_3_6 collision detected at time: 1322745000, A write address: 0, B  read address: 0
blk_mem_gen_v8_3_6 collision detected at time: 1329685000, A write address: 0, B  read address: 0
blk_mem_gen_v8_3_6 collision detected at time: 1329695000, A write address: 0, B  read address: 0
blk_mem_gen_v8_3_6 collision detected at time: 1336635000, A write address: 0, B  read address: 0
blk_mem_gen_v8_3_6 collision detected at time: 1336645000, A write address: 0, B  read address: 0
blk_mem_gen_v8_3_6 collision detected at time: 1343585000, A write address: 0, B  read address: 0
blk_mem_gen_v8_3_6 collision detected at time: 1343595000, A write address: 0, B  read address: 0
blk_mem_gen_v8_3_6 collision detected at time: 1350535000, A write address: 0, B  read address: 0
blk_mem_gen_v8_3_6 collision detected at time: 1350545000, A write address: 0, B  read address: 0
blk_mem_gen_v8_3_6 collision detected at time: 1357485000, A write address: 0, B  read address: 0
blk_mem_gen_v8_3_6 collision detected at time: 1357495000, A write address: 0, B  read address: 0
blk_mem_gen_v8_3_6 collision detected at time: 1364435000, A write address: 0, B  read address: 0
blk_mem_gen_v8_3_6 collision detected at time: 1364445000, A write address: 0, B  read address: 0
blk_mem_gen_v8_3_6 collision detected at time: 1371385000, A write address: 0, B  read address: 0
blk_mem_gen_v8_3_6 collision detected at time: 1371395000, A write address: 0, B  read address: 0
blk_mem_gen_v8_3_6 collision detected at time: 1378335000, A write address: 0, B  read address: 0
blk_mem_gen_v8_3_6 collision detected at time: 1378345000, A write address: 0, B  read address: 0
blk_mem_gen_v8_3_6 collision detected at time: 1385285000, A write address: 0, B  read address: 0
blk_mem_gen_v8_3_6 collision detected at time: 1385295000, A write address: 0, B  read address: 0
blk_mem_gen_v8_3_6 collision detected at time: 1392235000, A write address: 0, B  read address: 0
blk_mem_gen_v8_3_6 collision detected at time: 1392245000, A write address: 0, B  read address: 0
blk_mem_gen_v8_3_6 collision detected at time: 1399185000, A write address: 0, B  read address: 0
blk_mem_gen_v8_3_6 collision detected at time: 1399195000, A write address: 0, B  read address: 0
blk_mem_gen_v8_3_6 collision detected at time: 1406135000, A write address: 0, B  read address: 0
blk_mem_gen_v8_3_6 collision detected at time: 1406145000, A write address: 0, B  read address: 0
blk_mem_gen_v8_3_6 collision detected at time: 1413085000, A write address: 0, B  read address: 0
blk_mem_gen_v8_3_6 collision detected at time: 1413095000, A write address: 0, B  read address: 0
blk_mem_gen_v8_3_6 collision detected at time: 1420035000, A write address: 0, B  read address: 0
blk_mem_gen_v8_3_6 collision detected at time: 1420045000, A write address: 0, B  read address: 0
blk_mem_gen_v8_3_6 collision detected at time: 1426985000, A write address: 0, B  read address: 0
blk_mem_gen_v8_3_6 collision detected at time: 1426995000, A write address: 0, B  read address: 0
blk_mem_gen_v8_3_6 collision detected at time: 1433935000, A write address: 0, B  read address: 0
blk_mem_gen_v8_3_6 collision detected at time: 1433945000, A write address: 0, B  read address: 0
blk_mem_gen_v8_3_6 collision detected at time: 1440885000, A write address: 0, B  read address: 0
blk_mem_gen_v8_3_6 collision detected at time: 1440895000, A write address: 0, B  read address: 0
blk_mem_gen_v8_3_6 collision detected at time: 1447835000, A write address: 0, B  read address: 0
blk_mem_gen_v8_3_6 collision detected at time: 1447845000, A write address: 0, B  read address: 0
blk_mem_gen_v8_3_6 collision detected at time: 1454785000, A write address: 0, B  read address: 0
blk_mem_gen_v8_3_6 collision detected at time: 1454795000, A write address: 0, B  read address: 0
blk_mem_gen_v8_3_6 collision detected at time: 1461735000, A write address: 0, B  read address: 0
blk_mem_gen_v8_3_6 collision detected at time: 1461745000, A write address: 0, B  read address: 0
blk_mem_gen_v8_3_6 collision detected at time: 1468685000, A write address: 0, B  read address: 0
blk_mem_gen_v8_3_6 collision detected at time: 1468695000, A write address: 0, B  read address: 0
blk_mem_gen_v8_3_6 collision detected at time: 1475635000, A write address: 0, B  read address: 0
blk_mem_gen_v8_3_6 collision detected at time: 1475645000, A write address: 0, B  read address: 0
blk_mem_gen_v8_3_6 collision detected at time: 1482585000, A write address: 0, B  read address: 0
blk_mem_gen_v8_3_6 collision detected at time: 1482595000, A write address: 0, B  read address: 0
blk_mem_gen_v8_3_6 collision detected at time: 1489535000, A write address: 0, B  read address: 0
blk_mem_gen_v8_3_6 collision detected at time: 1489545000, A write address: 0, B  read address: 0
blk_mem_gen_v8_3_6 collision detected at time: 1496485000, A write address: 0, B  read address: 0
blk_mem_gen_v8_3_6 collision detected at time: 1496495000, A write address: 0, B  read address: 0
blk_mem_gen_v8_3_6 collision detected at time: 1503435000, A write address: 0, B  read address: 0
blk_mem_gen_v8_3_6 collision detected at time: 1503445000, A write address: 0, B  read address: 0
blk_mem_gen_v8_3_6 collision detected at time: 1510385000, A write address: 0, B  read address: 0
blk_mem_gen_v8_3_6 collision detected at time: 1510395000, A write address: 0, B  read address: 0
blk_mem_gen_v8_3_6 collision detected at time: 1517335000, A write address: 0, B  read address: 0
blk_mem_gen_v8_3_6 collision detected at time: 1517345000, A write address: 0, B  read address: 0
blk_mem_gen_v8_3_6 collision detected at time: 1524285000, A write address: 0, B  read address: 0
blk_mem_gen_v8_3_6 collision detected at time: 1524295000, A write address: 0, B  read address: 0
blk_mem_gen_v8_3_6 collision detected at time: 1531235000, A write address: 0, B  read address: 0
blk_mem_gen_v8_3_6 collision detected at time: 1531245000, A write address: 0, B  read address: 0
blk_mem_gen_v8_3_6 collision detected at time: 1538185000, A write address: 0, B  read address: 0
blk_mem_gen_v8_3_6 collision detected at time: 1538195000, A write address: 0, B  read address: 0
blk_mem_gen_v8_3_6 collision detected at time: 1545135000, A write address: 0, B  read address: 0
blk_mem_gen_v8_3_6 collision detected at time: 1545145000, A write address: 0, B  read address: 0
blk_mem_gen_v8_3_6 collision detected at time: 1552085000, A write address: 0, B  read address: 0
blk_mem_gen_v8_3_6 collision detected at time: 1552095000, A write address: 0, B  read address: 0
blk_mem_gen_v8_3_6 collision detected at time: 1559035000, A write address: 0, B  read address: 0
blk_mem_gen_v8_3_6 collision detected at time: 1559045000, A write address: 0, B  read address: 0
blk_mem_gen_v8_3_6 collision detected at time: 1565985000, A write address: 0, B  read address: 0
blk_mem_gen_v8_3_6 collision detected at time: 1565995000, A write address: 0, B  read address: 0
blk_mem_gen_v8_3_6 collision detected at time: 1572935000, A write address: 0, B  read address: 0
blk_mem_gen_v8_3_6 collision detected at time: 1572945000, A write address: 0, B  read address: 0
blk_mem_gen_v8_3_6 collision detected at time: 1579885000, A write address: 0, B  read address: 0
blk_mem_gen_v8_3_6 collision detected at time: 1579895000, A write address: 0, B  read address: 0
blk_mem_gen_v8_3_6 collision detected at time: 1586835000, A write address: 0, B  read address: 0
blk_mem_gen_v8_3_6 collision detected at time: 1586845000, A write address: 0, B  read address: 0
blk_mem_gen_v8_3_6 collision detected at time: 1593785000, A write address: 0, B  read address: 0
blk_mem_gen_v8_3_6 collision detected at time: 1593795000, A write address: 0, B  read address: 0
blk_mem_gen_v8_3_6 collision detected at time: 1600735000, A write address: 0, B  read address: 0
blk_mem_gen_v8_3_6 collision detected at time: 1600745000, A write address: 0, B  read address: 0
blk_mem_gen_v8_3_6 collision detected at time: 1607685000, A write address: 0, B  read address: 0
blk_mem_gen_v8_3_6 collision detected at time: 1607695000, A write address: 0, B  read address: 0
blk_mem_gen_v8_3_6 collision detected at time: 1614635000, A write address: 0, B  read address: 0
blk_mem_gen_v8_3_6 collision detected at time: 1614645000, A write address: 0, B  read address: 0
blk_mem_gen_v8_3_6 collision detected at time: 1621585000, A write address: 0, B  read address: 0
blk_mem_gen_v8_3_6 collision detected at time: 1621595000, A write address: 0, B  read address: 0
blk_mem_gen_v8_3_6 collision detected at time: 1628535000, A write address: 0, B  read address: 0
blk_mem_gen_v8_3_6 collision detected at time: 1628545000, A write address: 0, B  read address: 0
blk_mem_gen_v8_3_6 collision detected at time: 1635485000, A write address: 0, B  read address: 0
blk_mem_gen_v8_3_6 collision detected at time: 1635495000, A write address: 0, B  read address: 0
blk_mem_gen_v8_3_6 collision detected at time: 1642435000, A write address: 0, B  read address: 0
blk_mem_gen_v8_3_6 collision detected at time: 1642445000, A write address: 0, B  read address: 0
blk_mem_gen_v8_3_6 collision detected at time: 1649385000, A write address: 0, B  read address: 0
blk_mem_gen_v8_3_6 collision detected at time: 1649395000, A write address: 0, B  read address: 0
blk_mem_gen_v8_3_6 collision detected at time: 1656335000, A write address: 0, B  read address: 0
blk_mem_gen_v8_3_6 collision detected at time: 1656345000, A write address: 0, B  read address: 0
blk_mem_gen_v8_3_6 collision detected at time: 1663285000, A write address: 0, B  read address: 0
blk_mem_gen_v8_3_6 collision detected at time: 1663295000, A write address: 0, B  read address: 0
blk_mem_gen_v8_3_6 collision detected at time: 1670235000, A write address: 0, B  read address: 0
blk_mem_gen_v8_3_6 collision detected at time: 1670245000, A write address: 0, B  read address: 0
blk_mem_gen_v8_3_6 collision detected at time: 1677185000, A write address: 0, B  read address: 0
blk_mem_gen_v8_3_6 collision detected at time: 1677195000, A write address: 0, B  read address: 0
blk_mem_gen_v8_3_6 collision detected at time: 1684135000, A write address: 0, B  read address: 0
blk_mem_gen_v8_3_6 collision detected at time: 1684145000, A write address: 0, B  read address: 0
blk_mem_gen_v8_3_6 collision detected at time: 1691085000, A write address: 0, B  read address: 0
blk_mem_gen_v8_3_6 collision detected at time: 1691095000, A write address: 0, B  read address: 0
blk_mem_gen_v8_3_6 collision detected at time: 1698035000, A write address: 0, B  read address: 0
blk_mem_gen_v8_3_6 collision detected at time: 1698045000, A write address: 0, B  read address: 0
blk_mem_gen_v8_3_6 collision detected at time: 1704985000, A write address: 0, B  read address: 0
blk_mem_gen_v8_3_6 collision detected at time: 1704995000, A write address: 0, B  read address: 0
blk_mem_gen_v8_3_6 collision detected at time: 1711935000, A write address: 0, B  read address: 0
blk_mem_gen_v8_3_6 collision detected at time: 1711945000, A write address: 0, B  read address: 0
blk_mem_gen_v8_3_6 collision detected at time: 1718885000, A write address: 0, B  read address: 0
blk_mem_gen_v8_3_6 collision detected at time: 1718895000, A write address: 0, B  read address: 0
blk_mem_gen_v8_3_6 collision detected at time: 1725835000, A write address: 0, B  read address: 0
blk_mem_gen_v8_3_6 collision detected at time: 1725845000, A write address: 0, B  read address: 0
blk_mem_gen_v8_3_6 collision detected at time: 1732785000, A write address: 0, B  read address: 0
blk_mem_gen_v8_3_6 collision detected at time: 1732795000, A write address: 0, B  read address: 0
blk_mem_gen_v8_3_6 collision detected at time: 1739735000, A write address: 0, B  read address: 0
blk_mem_gen_v8_3_6 collision detected at time: 1739745000, A write address: 0, B  read address: 0
blk_mem_gen_v8_3_6 collision detected at time: 1746685000, A write address: 0, B  read address: 0
blk_mem_gen_v8_3_6 collision detected at time: 1746695000, A write address: 0, B  read address: 0
blk_mem_gen_v8_3_6 collision detected at time: 1753635000, A write address: 0, B  read address: 0
blk_mem_gen_v8_3_6 collision detected at time: 1753645000, A write address: 0, B  read address: 0
blk_mem_gen_v8_3_6 collision detected at time: 1760585000, A write address: 0, B  read address: 0
blk_mem_gen_v8_3_6 collision detected at time: 1760595000, A write address: 0, B  read address: 0
blk_mem_gen_v8_3_6 collision detected at time: 1767535000, A write address: 0, B  read address: 0
blk_mem_gen_v8_3_6 collision detected at time: 1767545000, A write address: 0, B  read address: 0
blk_mem_gen_v8_3_6 collision detected at time: 1774485000, A write address: 0, B  read address: 0
blk_mem_gen_v8_3_6 collision detected at time: 1774495000, A write address: 0, B  read address: 0
blk_mem_gen_v8_3_6 collision detected at time: 1781435000, A write address: 0, B  read address: 0
blk_mem_gen_v8_3_6 collision detected at time: 1781445000, A write address: 0, B  read address: 0
blk_mem_gen_v8_3_6 collision detected at time: 1788385000, A write address: 0, B  read address: 0
blk_mem_gen_v8_3_6 collision detected at time: 1788395000, A write address: 0, B  read address: 0
blk_mem_gen_v8_3_6 collision detected at time: 1795335000, A write address: 0, B  read address: 0
blk_mem_gen_v8_3_6 collision detected at time: 1795345000, A write address: 0, B  read address: 0
blk_mem_gen_v8_3_6 collision detected at time: 1802285000, A write address: 0, B  read address: 0
blk_mem_gen_v8_3_6 collision detected at time: 1802295000, A write address: 0, B  read address: 0
blk_mem_gen_v8_3_6 collision detected at time: 1809235000, A write address: 0, B  read address: 0
blk_mem_gen_v8_3_6 collision detected at time: 1809245000, A write address: 0, B  read address: 0
blk_mem_gen_v8_3_6 collision detected at time: 1816185000, A write address: 0, B  read address: 0
blk_mem_gen_v8_3_6 collision detected at time: 1816195000, A write address: 0, B  read address: 0
blk_mem_gen_v8_3_6 collision detected at time: 1823135000, A write address: 0, B  read address: 0
blk_mem_gen_v8_3_6 collision detected at time: 1823145000, A write address: 0, B  read address: 0
blk_mem_gen_v8_3_6 collision detected at time: 1830085000, A write address: 0, B  read address: 0
blk_mem_gen_v8_3_6 collision detected at time: 1830095000, A write address: 0, B  read address: 0
blk_mem_gen_v8_3_6 collision detected at time: 1837035000, A write address: 0, B  read address: 0
blk_mem_gen_v8_3_6 collision detected at time: 1837045000, A write address: 0, B  read address: 0
blk_mem_gen_v8_3_6 collision detected at time: 1843985000, A write address: 0, B  read address: 0
blk_mem_gen_v8_3_6 collision detected at time: 1843995000, A write address: 0, B  read address: 0
blk_mem_gen_v8_3_6 collision detected at time: 1850935000, A write address: 0, B  read address: 0
blk_mem_gen_v8_3_6 collision detected at time: 1850945000, A write address: 0, B  read address: 0
blk_mem_gen_v8_3_6 collision detected at time: 1857885000, A write address: 0, B  read address: 0
blk_mem_gen_v8_3_6 collision detected at time: 1857895000, A write address: 0, B  read address: 0
blk_mem_gen_v8_3_6 collision detected at time: 1864835000, A write address: 0, B  read address: 0
blk_mem_gen_v8_3_6 collision detected at time: 1864845000, A write address: 0, B  read address: 0
blk_mem_gen_v8_3_6 collision detected at time: 1871785000, A write address: 0, B  read address: 0
blk_mem_gen_v8_3_6 collision detected at time: 1871795000, A write address: 0, B  read address: 0
blk_mem_gen_v8_3_6 collision detected at time: 1878735000, A write address: 0, B  read address: 0
blk_mem_gen_v8_3_6 collision detected at time: 1878745000, A write address: 0, B  read address: 0
blk_mem_gen_v8_3_6 collision detected at time: 1885685000, A write address: 0, B  read address: 0
blk_mem_gen_v8_3_6 collision detected at time: 1885695000, A write address: 0, B  read address: 0
blk_mem_gen_v8_3_6 collision detected at time: 1892635000, A write address: 0, B  read address: 0
blk_mem_gen_v8_3_6 collision detected at time: 1892645000, A write address: 0, B  read address: 0
blk_mem_gen_v8_3_6 collision detected at time: 1899585000, A write address: 0, B  read address: 0
blk_mem_gen_v8_3_6 collision detected at time: 1899595000, A write address: 0, B  read address: 0
blk_mem_gen_v8_3_6 collision detected at time: 1906535000, A write address: 0, B  read address: 0
blk_mem_gen_v8_3_6 collision detected at time: 1906545000, A write address: 0, B  read address: 0
blk_mem_gen_v8_3_6 collision detected at time: 1913485000, A write address: 0, B  read address: 0
blk_mem_gen_v8_3_6 collision detected at time: 1913495000, A write address: 0, B  read address: 0
blk_mem_gen_v8_3_6 collision detected at time: 1920435000, A write address: 0, B  read address: 0
blk_mem_gen_v8_3_6 collision detected at time: 1920445000, A write address: 0, B  read address: 0
blk_mem_gen_v8_3_6 collision detected at time: 1927385000, A write address: 0, B  read address: 0
blk_mem_gen_v8_3_6 collision detected at time: 1927395000, A write address: 0, B  read address: 0
blk_mem_gen_v8_3_6 collision detected at time: 1934335000, A write address: 0, B  read address: 0
blk_mem_gen_v8_3_6 collision detected at time: 1934345000, A write address: 0, B  read address: 0
blk_mem_gen_v8_3_6 collision detected at time: 1941285000, A write address: 0, B  read address: 0
blk_mem_gen_v8_3_6 collision detected at time: 1941295000, A write address: 0, B  read address: 0
blk_mem_gen_v8_3_6 collision detected at time: 1948235000, A write address: 0, B  read address: 0
blk_mem_gen_v8_3_6 collision detected at time: 1948245000, A write address: 0, B  read address: 0
blk_mem_gen_v8_3_6 collision detected at time: 1955185000, A write address: 0, B  read address: 0
blk_mem_gen_v8_3_6 collision detected at time: 1955195000, A write address: 0, B  read address: 0
blk_mem_gen_v8_3_6 collision detected at time: 1962135000, A write address: 0, B  read address: 0
blk_mem_gen_v8_3_6 collision detected at time: 1962145000, A write address: 0, B  read address: 0
blk_mem_gen_v8_3_6 collision detected at time: 1969085000, A write address: 0, B  read address: 0
blk_mem_gen_v8_3_6 collision detected at time: 1969095000, A write address: 0, B  read address: 0
blk_mem_gen_v8_3_6 collision detected at time: 1976035000, A write address: 0, B  read address: 0
blk_mem_gen_v8_3_6 collision detected at time: 1976045000, A write address: 0, B  read address: 0
blk_mem_gen_v8_3_6 collision detected at time: 1982985000, A write address: 0, B  read address: 0
blk_mem_gen_v8_3_6 collision detected at time: 1982995000, A write address: 0, B  read address: 0
blk_mem_gen_v8_3_6 collision detected at time: 1989935000, A write address: 0, B  read address: 0
blk_mem_gen_v8_3_6 collision detected at time: 1989945000, A write address: 0, B  read address: 0
blk_mem_gen_v8_3_6 collision detected at time: 1996885000, A write address: 0, B  read address: 0
blk_mem_gen_v8_3_6 collision detected at time: 1996895000, A write address: 0, B  read address: 0
blk_mem_gen_v8_3_6 collision detected at time: 2003835000, A write address: 0, B  read address: 0
blk_mem_gen_v8_3_6 collision detected at time: 2003845000, A write address: 0, B  read address: 0
blk_mem_gen_v8_3_6 collision detected at time: 2010785000, A write address: 0, B  read address: 0
blk_mem_gen_v8_3_6 collision detected at time: 2010795000, A write address: 0, B  read address: 0
blk_mem_gen_v8_3_6 collision detected at time: 2017735000, A write address: 0, B  read address: 0
blk_mem_gen_v8_3_6 collision detected at time: 2017745000, A write address: 0, B  read address: 0
blk_mem_gen_v8_3_6 collision detected at time: 2024685000, A write address: 0, B  read address: 0
blk_mem_gen_v8_3_6 collision detected at time: 2024695000, A write address: 0, B  read address: 0
blk_mem_gen_v8_3_6 collision detected at time: 2031635000, A write address: 0, B  read address: 0
blk_mem_gen_v8_3_6 collision detected at time: 2031645000, A write address: 0, B  read address: 0
blk_mem_gen_v8_3_6 collision detected at time: 2038585000, A write address: 0, B  read address: 0
blk_mem_gen_v8_3_6 collision detected at time: 2038595000, A write address: 0, B  read address: 0
blk_mem_gen_v8_3_6 collision detected at time: 2045535000, A write address: 0, B  read address: 0
blk_mem_gen_v8_3_6 collision detected at time: 2045545000, A write address: 0, B  read address: 0
blk_mem_gen_v8_3_6 collision detected at time: 2052485000, A write address: 0, B  read address: 0
blk_mem_gen_v8_3_6 collision detected at time: 2052495000, A write address: 0, B  read address: 0
blk_mem_gen_v8_3_6 collision detected at time: 2059435000, A write address: 0, B  read address: 0
blk_mem_gen_v8_3_6 collision detected at time: 2059445000, A write address: 0, B  read address: 0
blk_mem_gen_v8_3_6 collision detected at time: 2066385000, A write address: 0, B  read address: 0
blk_mem_gen_v8_3_6 collision detected at time: 2066395000, A write address: 0, B  read address: 0
blk_mem_gen_v8_3_6 collision detected at time: 2073335000, A write address: 0, B  read address: 0
blk_mem_gen_v8_3_6 collision detected at time: 2073345000, A write address: 0, B  read address: 0
blk_mem_gen_v8_3_6 collision detected at time: 2080285000, A write address: 0, B  read address: 0
blk_mem_gen_v8_3_6 collision detected at time: 2080295000, A write address: 0, B  read address: 0
blk_mem_gen_v8_3_6 collision detected at time: 2087235000, A write address: 0, B  read address: 0
blk_mem_gen_v8_3_6 collision detected at time: 2087245000, A write address: 0, B  read address: 0
blk_mem_gen_v8_3_6 collision detected at time: 2094185000, A write address: 0, B  read address: 0
blk_mem_gen_v8_3_6 collision detected at time: 2094195000, A write address: 0, B  read address: 0
blk_mem_gen_v8_3_6 collision detected at time: 2101135000, A write address: 0, B  read address: 0
blk_mem_gen_v8_3_6 collision detected at time: 2101145000, A write address: 0, B  read address: 0
blk_mem_gen_v8_3_6 collision detected at time: 2108085000, A write address: 0, B  read address: 0
blk_mem_gen_v8_3_6 collision detected at time: 2108095000, A write address: 0, B  read address: 0
blk_mem_gen_v8_3_6 collision detected at time: 2115035000, A write address: 0, B  read address: 0
blk_mem_gen_v8_3_6 collision detected at time: 2115045000, A write address: 0, B  read address: 0
blk_mem_gen_v8_3_6 collision detected at time: 2121985000, A write address: 0, B  read address: 0
blk_mem_gen_v8_3_6 collision detected at time: 2121995000, A write address: 0, B  read address: 0
blk_mem_gen_v8_3_6 collision detected at time: 2128935000, A write address: 0, B  read address: 0
blk_mem_gen_v8_3_6 collision detected at time: 2128945000, A write address: 0, B  read address: 0
blk_mem_gen_v8_3_6 collision detected at time: 2135885000, A write address: 0, B  read address: 0
blk_mem_gen_v8_3_6 collision detected at time: 2135895000, A write address: 0, B  read address: 0
blk_mem_gen_v8_3_6 collision detected at time: 2142835000, A write address: 0, B  read address: 0
blk_mem_gen_v8_3_6 collision detected at time: 2142845000, A write address: 0, B  read address: 0
blk_mem_gen_v8_3_6 collision detected at time: 2149785000, A write address: 0, B  read address: 0
blk_mem_gen_v8_3_6 collision detected at time: 2149795000, A write address: 0, B  read address: 0
blk_mem_gen_v8_3_6 collision detected at time: 2156735000, A write address: 0, B  read address: 0
blk_mem_gen_v8_3_6 collision detected at time: 2156745000, A write address: 0, B  read address: 0
blk_mem_gen_v8_3_6 collision detected at time: 2163685000, A write address: 0, B  read address: 0
blk_mem_gen_v8_3_6 collision detected at time: 2163695000, A write address: 0, B  read address: 0
blk_mem_gen_v8_3_6 collision detected at time: 2170635000, A write address: 0, B  read address: 0
blk_mem_gen_v8_3_6 collision detected at time: 2170645000, A write address: 0, B  read address: 0
blk_mem_gen_v8_3_6 collision detected at time: 2177585000, A write address: 0, B  read address: 0
blk_mem_gen_v8_3_6 collision detected at time: 2177595000, A write address: 0, B  read address: 0
blk_mem_gen_v8_3_6 collision detected at time: 2184535000, A write address: 0, B  read address: 0
blk_mem_gen_v8_3_6 collision detected at time: 2184545000, A write address: 0, B  read address: 0
blk_mem_gen_v8_3_6 collision detected at time: 2191485000, A write address: 0, B  read address: 0
blk_mem_gen_v8_3_6 collision detected at time: 2191495000, A write address: 0, B  read address: 0
blk_mem_gen_v8_3_6 collision detected at time: 2198435000, A write address: 0, B  read address: 0
blk_mem_gen_v8_3_6 collision detected at time: 2198445000, A write address: 0, B  read address: 0
blk_mem_gen_v8_3_6 collision detected at time: 2205385000, A write address: 0, B  read address: 0
blk_mem_gen_v8_3_6 collision detected at time: 2205395000, A write address: 0, B  read address: 0
blk_mem_gen_v8_3_6 collision detected at time: 2212335000, A write address: 0, B  read address: 0
blk_mem_gen_v8_3_6 collision detected at time: 2212345000, A write address: 0, B  read address: 0
blk_mem_gen_v8_3_6 collision detected at time: 2219285000, A write address: 0, B  read address: 0
blk_mem_gen_v8_3_6 collision detected at time: 2219295000, A write address: 0, B  read address: 0
blk_mem_gen_v8_3_6 collision detected at time: 2226235000, A write address: 0, B  read address: 0
blk_mem_gen_v8_3_6 collision detected at time: 2226245000, A write address: 0, B  read address: 0
blk_mem_gen_v8_3_6 collision detected at time: 2233185000, A write address: 0, B  read address: 0
blk_mem_gen_v8_3_6 collision detected at time: 2233195000, A write address: 0, B  read address: 0
blk_mem_gen_v8_3_6 collision detected at time: 2240135000, A write address: 0, B  read address: 0
blk_mem_gen_v8_3_6 collision detected at time: 2240145000, A write address: 0, B  read address: 0
blk_mem_gen_v8_3_6 collision detected at time: 2247085000, A write address: 0, B  read address: 0
blk_mem_gen_v8_3_6 collision detected at time: 2247095000, A write address: 0, B  read address: 0
blk_mem_gen_v8_3_6 collision detected at time: 2254035000, A write address: 0, B  read address: 0
blk_mem_gen_v8_3_6 collision detected at time: 2254045000, A write address: 0, B  read address: 0
blk_mem_gen_v8_3_6 collision detected at time: 2260985000, A write address: 0, B  read address: 0
blk_mem_gen_v8_3_6 collision detected at time: 2260995000, A write address: 0, B  read address: 0
blk_mem_gen_v8_3_6 collision detected at time: 2267935000, A write address: 0, B  read address: 0
blk_mem_gen_v8_3_6 collision detected at time: 2267945000, A write address: 0, B  read address: 0
blk_mem_gen_v8_3_6 collision detected at time: 2274885000, A write address: 0, B  read address: 0
blk_mem_gen_v8_3_6 collision detected at time: 2274895000, A write address: 0, B  read address: 0
blk_mem_gen_v8_3_6 collision detected at time: 2281835000, A write address: 0, B  read address: 0
blk_mem_gen_v8_3_6 collision detected at time: 2281845000, A write address: 0, B  read address: 0
blk_mem_gen_v8_3_6 collision detected at time: 2288785000, A write address: 0, B  read address: 0
blk_mem_gen_v8_3_6 collision detected at time: 2288795000, A write address: 0, B  read address: 0
blk_mem_gen_v8_3_6 collision detected at time: 2295735000, A write address: 0, B  read address: 0
blk_mem_gen_v8_3_6 collision detected at time: 2295745000, A write address: 0, B  read address: 0
blk_mem_gen_v8_3_6 collision detected at time: 2302685000, A write address: 0, B  read address: 0
blk_mem_gen_v8_3_6 collision detected at time: 2302695000, A write address: 0, B  read address: 0
blk_mem_gen_v8_3_6 collision detected at time: 2309635000, A write address: 0, B  read address: 0
blk_mem_gen_v8_3_6 collision detected at time: 2309645000, A write address: 0, B  read address: 0
blk_mem_gen_v8_3_6 collision detected at time: 2316585000, A write address: 0, B  read address: 0
blk_mem_gen_v8_3_6 collision detected at time: 2316595000, A write address: 0, B  read address: 0
blk_mem_gen_v8_3_6 collision detected at time: 2323535000, A write address: 0, B  read address: 0
blk_mem_gen_v8_3_6 collision detected at time: 2323545000, A write address: 0, B  read address: 0
blk_mem_gen_v8_3_6 collision detected at time: 2330485000, A write address: 0, B  read address: 0
blk_mem_gen_v8_3_6 collision detected at time: 2330495000, A write address: 0, B  read address: 0
blk_mem_gen_v8_3_6 collision detected at time: 2337435000, A write address: 0, B  read address: 0
blk_mem_gen_v8_3_6 collision detected at time: 2337445000, A write address: 0, B  read address: 0
blk_mem_gen_v8_3_6 collision detected at time: 2344385000, A write address: 0, B  read address: 0
blk_mem_gen_v8_3_6 collision detected at time: 2344395000, A write address: 0, B  read address: 0
blk_mem_gen_v8_3_6 collision detected at time: 2351335000, A write address: 0, B  read address: 0
blk_mem_gen_v8_3_6 collision detected at time: 2351345000, A write address: 0, B  read address: 0
blk_mem_gen_v8_3_6 collision detected at time: 2358285000, A write address: 0, B  read address: 0
blk_mem_gen_v8_3_6 collision detected at time: 2358295000, A write address: 0, B  read address: 0
blk_mem_gen_v8_3_6 collision detected at time: 2365235000, A write address: 0, B  read address: 0
blk_mem_gen_v8_3_6 collision detected at time: 2365245000, A write address: 0, B  read address: 0
blk_mem_gen_v8_3_6 collision detected at time: 2372185000, A write address: 0, B  read address: 0
blk_mem_gen_v8_3_6 collision detected at time: 2372195000, A write address: 0, B  read address: 0
blk_mem_gen_v8_3_6 collision detected at time: 2379135000, A write address: 0, B  read address: 0
blk_mem_gen_v8_3_6 collision detected at time: 2379145000, A write address: 0, B  read address: 0
blk_mem_gen_v8_3_6 collision detected at time: 2386085000, A write address: 0, B  read address: 0
blk_mem_gen_v8_3_6 collision detected at time: 2386095000, A write address: 0, B  read address: 0
blk_mem_gen_v8_3_6 collision detected at time: 2393035000, A write address: 0, B  read address: 0
blk_mem_gen_v8_3_6 collision detected at time: 2393045000, A write address: 0, B  read address: 0
blk_mem_gen_v8_3_6 collision detected at time: 2399985000, A write address: 0, B  read address: 0
blk_mem_gen_v8_3_6 collision detected at time: 2399995000, A write address: 0, B  read address: 0
blk_mem_gen_v8_3_6 collision detected at time: 2406935000, A write address: 0, B  read address: 0
blk_mem_gen_v8_3_6 collision detected at time: 2406945000, A write address: 0, B  read address: 0
blk_mem_gen_v8_3_6 collision detected at time: 2413885000, A write address: 0, B  read address: 0
blk_mem_gen_v8_3_6 collision detected at time: 2413895000, A write address: 0, B  read address: 0
blk_mem_gen_v8_3_6 collision detected at time: 2420835000, A write address: 0, B  read address: 0
blk_mem_gen_v8_3_6 collision detected at time: 2420845000, A write address: 0, B  read address: 0
blk_mem_gen_v8_3_6 collision detected at time: 2427785000, A write address: 0, B  read address: 0
blk_mem_gen_v8_3_6 collision detected at time: 2427795000, A write address: 0, B  read address: 0
blk_mem_gen_v8_3_6 collision detected at time: 2434735000, A write address: 0, B  read address: 0
blk_mem_gen_v8_3_6 collision detected at time: 2434745000, A write address: 0, B  read address: 0
blk_mem_gen_v8_3_6 collision detected at time: 2441685000, A write address: 0, B  read address: 0
blk_mem_gen_v8_3_6 collision detected at time: 2441695000, A write address: 0, B  read address: 0
blk_mem_gen_v8_3_6 collision detected at time: 2448635000, A write address: 0, B  read address: 0
blk_mem_gen_v8_3_6 collision detected at time: 2448645000, A write address: 0, B  read address: 0
blk_mem_gen_v8_3_6 collision detected at time: 2455585000, A write address: 0, B  read address: 0
blk_mem_gen_v8_3_6 collision detected at time: 2455595000, A write address: 0, B  read address: 0
blk_mem_gen_v8_3_6 collision detected at time: 2462535000, A write address: 0, B  read address: 0
blk_mem_gen_v8_3_6 collision detected at time: 2462545000, A write address: 0, B  read address: 0
blk_mem_gen_v8_3_6 collision detected at time: 2469485000, A write address: 0, B  read address: 0
blk_mem_gen_v8_3_6 collision detected at time: 2469495000, A write address: 0, B  read address: 0
blk_mem_gen_v8_3_6 collision detected at time: 2476435000, A write address: 0, B  read address: 0
blk_mem_gen_v8_3_6 collision detected at time: 2476445000, A write address: 0, B  read address: 0
blk_mem_gen_v8_3_6 collision detected at time: 2483385000, A write address: 0, B  read address: 0
blk_mem_gen_v8_3_6 collision detected at time: 2483395000, A write address: 0, B  read address: 0
blk_mem_gen_v8_3_6 collision detected at time: 2490335000, A write address: 0, B  read address: 0
blk_mem_gen_v8_3_6 collision detected at time: 2490345000, A write address: 0, B  read address: 0
blk_mem_gen_v8_3_6 collision detected at time: 2497285000, A write address: 0, B  read address: 0
blk_mem_gen_v8_3_6 collision detected at time: 2497295000, A write address: 0, B  read address: 0
blk_mem_gen_v8_3_6 collision detected at time: 2504235000, A write address: 0, B  read address: 0
blk_mem_gen_v8_3_6 collision detected at time: 2504245000, A write address: 0, B  read address: 0
blk_mem_gen_v8_3_6 collision detected at time: 2511185000, A write address: 0, B  read address: 0
blk_mem_gen_v8_3_6 collision detected at time: 2511195000, A write address: 0, B  read address: 0
blk_mem_gen_v8_3_6 collision detected at time: 2518135000, A write address: 0, B  read address: 0
blk_mem_gen_v8_3_6 collision detected at time: 2518145000, A write address: 0, B  read address: 0
blk_mem_gen_v8_3_6 collision detected at time: 2525085000, A write address: 0, B  read address: 0
blk_mem_gen_v8_3_6 collision detected at time: 2525095000, A write address: 0, B  read address: 0
blk_mem_gen_v8_3_6 collision detected at time: 2532035000, A write address: 0, B  read address: 0
blk_mem_gen_v8_3_6 collision detected at time: 2532045000, A write address: 0, B  read address: 0
blk_mem_gen_v8_3_6 collision detected at time: 2538985000, A write address: 0, B  read address: 0
blk_mem_gen_v8_3_6 collision detected at time: 2538995000, A write address: 0, B  read address: 0
blk_mem_gen_v8_3_6 collision detected at time: 2545935000, A write address: 0, B  read address: 0
blk_mem_gen_v8_3_6 collision detected at time: 2545945000, A write address: 0, B  read address: 0
blk_mem_gen_v8_3_6 collision detected at time: 2552885000, A write address: 0, B  read address: 0
blk_mem_gen_v8_3_6 collision detected at time: 2552895000, A write address: 0, B  read address: 0
blk_mem_gen_v8_3_6 collision detected at time: 2559835000, A write address: 0, B  read address: 0
blk_mem_gen_v8_3_6 collision detected at time: 2559845000, A write address: 0, B  read address: 0
blk_mem_gen_v8_3_6 collision detected at time: 2566785000, A write address: 0, B  read address: 0
blk_mem_gen_v8_3_6 collision detected at time: 2566795000, A write address: 0, B  read address: 0
blk_mem_gen_v8_3_6 collision detected at time: 2573735000, A write address: 0, B  read address: 0
blk_mem_gen_v8_3_6 collision detected at time: 2573745000, A write address: 0, B  read address: 0
blk_mem_gen_v8_3_6 collision detected at time: 2580685000, A write address: 0, B  read address: 0
blk_mem_gen_v8_3_6 collision detected at time: 2580695000, A write address: 0, B  read address: 0
blk_mem_gen_v8_3_6 collision detected at time: 2587635000, A write address: 0, B  read address: 0
blk_mem_gen_v8_3_6 collision detected at time: 2587645000, A write address: 0, B  read address: 0
blk_mem_gen_v8_3_6 collision detected at time: 2594585000, A write address: 0, B  read address: 0
blk_mem_gen_v8_3_6 collision detected at time: 2594595000, A write address: 0, B  read address: 0
blk_mem_gen_v8_3_6 collision detected at time: 2601535000, A write address: 0, B  read address: 0
blk_mem_gen_v8_3_6 collision detected at time: 2601545000, A write address: 0, B  read address: 0
blk_mem_gen_v8_3_6 collision detected at time: 2608485000, A write address: 0, B  read address: 0
blk_mem_gen_v8_3_6 collision detected at time: 2608495000, A write address: 0, B  read address: 0
blk_mem_gen_v8_3_6 collision detected at time: 2615435000, A write address: 0, B  read address: 0
blk_mem_gen_v8_3_6 collision detected at time: 2615445000, A write address: 0, B  read address: 0
blk_mem_gen_v8_3_6 collision detected at time: 2622385000, A write address: 0, B  read address: 0
blk_mem_gen_v8_3_6 collision detected at time: 2622395000, A write address: 0, B  read address: 0
blk_mem_gen_v8_3_6 collision detected at time: 2629335000, A write address: 0, B  read address: 0
blk_mem_gen_v8_3_6 collision detected at time: 2629345000, A write address: 0, B  read address: 0
blk_mem_gen_v8_3_6 collision detected at time: 2636285000, A write address: 0, B  read address: 0
blk_mem_gen_v8_3_6 collision detected at time: 2636295000, A write address: 0, B  read address: 0
blk_mem_gen_v8_3_6 collision detected at time: 2643235000, A write address: 0, B  read address: 0
blk_mem_gen_v8_3_6 collision detected at time: 2643245000, A write address: 0, B  read address: 0
blk_mem_gen_v8_3_6 collision detected at time: 2650185000, A write address: 0, B  read address: 0
blk_mem_gen_v8_3_6 collision detected at time: 2650195000, A write address: 0, B  read address: 0
blk_mem_gen_v8_3_6 collision detected at time: 2657135000, A write address: 0, B  read address: 0
blk_mem_gen_v8_3_6 collision detected at time: 2657145000, A write address: 0, B  read address: 0
blk_mem_gen_v8_3_6 collision detected at time: 2664085000, A write address: 0, B  read address: 0
blk_mem_gen_v8_3_6 collision detected at time: 2664095000, A write address: 0, B  read address: 0
blk_mem_gen_v8_3_6 collision detected at time: 2671035000, A write address: 0, B  read address: 0
blk_mem_gen_v8_3_6 collision detected at time: 2671045000, A write address: 0, B  read address: 0
blk_mem_gen_v8_3_6 collision detected at time: 2677985000, A write address: 0, B  read address: 0
blk_mem_gen_v8_3_6 collision detected at time: 2677995000, A write address: 0, B  read address: 0
blk_mem_gen_v8_3_6 collision detected at time: 2684935000, A write address: 0, B  read address: 0
blk_mem_gen_v8_3_6 collision detected at time: 2684945000, A write address: 0, B  read address: 0
blk_mem_gen_v8_3_6 collision detected at time: 2691885000, A write address: 0, B  read address: 0
blk_mem_gen_v8_3_6 collision detected at time: 2691895000, A write address: 0, B  read address: 0
blk_mem_gen_v8_3_6 collision detected at time: 2698835000, A write address: 0, B  read address: 0
blk_mem_gen_v8_3_6 collision detected at time: 2698845000, A write address: 0, B  read address: 0
blk_mem_gen_v8_3_6 collision detected at time: 2705785000, A write address: 0, B  read address: 0
blk_mem_gen_v8_3_6 collision detected at time: 2705795000, A write address: 0, B  read address: 0
blk_mem_gen_v8_3_6 collision detected at time: 2712735000, A write address: 0, B  read address: 0
blk_mem_gen_v8_3_6 collision detected at time: 2712745000, A write address: 0, B  read address: 0
blk_mem_gen_v8_3_6 collision detected at time: 2719685000, A write address: 0, B  read address: 0
blk_mem_gen_v8_3_6 collision detected at time: 2719695000, A write address: 0, B  read address: 0
blk_mem_gen_v8_3_6 collision detected at time: 2726635000, A write address: 0, B  read address: 0
blk_mem_gen_v8_3_6 collision detected at time: 2726645000, A write address: 0, B  read address: 0
blk_mem_gen_v8_3_6 collision detected at time: 2733585000, A write address: 0, B  read address: 0
blk_mem_gen_v8_3_6 collision detected at time: 2733595000, A write address: 0, B  read address: 0
blk_mem_gen_v8_3_6 collision detected at time: 2740535000, A write address: 0, B  read address: 0
blk_mem_gen_v8_3_6 collision detected at time: 2740545000, A write address: 0, B  read address: 0
blk_mem_gen_v8_3_6 collision detected at time: 2747485000, A write address: 0, B  read address: 0
blk_mem_gen_v8_3_6 collision detected at time: 2747495000, A write address: 0, B  read address: 0
blk_mem_gen_v8_3_6 collision detected at time: 2754435000, A write address: 0, B  read address: 0
blk_mem_gen_v8_3_6 collision detected at time: 2754445000, A write address: 0, B  read address: 0
blk_mem_gen_v8_3_6 collision detected at time: 2761385000, A write address: 0, B  read address: 0
blk_mem_gen_v8_3_6 collision detected at time: 2761395000, A write address: 0, B  read address: 0
blk_mem_gen_v8_3_6 collision detected at time: 2768335000, A write address: 0, B  read address: 0
blk_mem_gen_v8_3_6 collision detected at time: 2768345000, A write address: 0, B  read address: 0
blk_mem_gen_v8_3_6 collision detected at time: 2775285000, A write address: 0, B  read address: 0
blk_mem_gen_v8_3_6 collision detected at time: 2775295000, A write address: 0, B  read address: 0
blk_mem_gen_v8_3_6 collision detected at time: 2782235000, A write address: 0, B  read address: 0
blk_mem_gen_v8_3_6 collision detected at time: 2782245000, A write address: 0, B  read address: 0
blk_mem_gen_v8_3_6 collision detected at time: 2789185000, A write address: 0, B  read address: 0
blk_mem_gen_v8_3_6 collision detected at time: 2789195000, A write address: 0, B  read address: 0
blk_mem_gen_v8_3_6 collision detected at time: 2796135000, A write address: 0, B  read address: 0
blk_mem_gen_v8_3_6 collision detected at time: 2796145000, A write address: 0, B  read address: 0
blk_mem_gen_v8_3_6 collision detected at time: 2803085000, A write address: 0, B  read address: 0
blk_mem_gen_v8_3_6 collision detected at time: 2803095000, A write address: 0, B  read address: 0
blk_mem_gen_v8_3_6 collision detected at time: 2810035000, A write address: 0, B  read address: 0
blk_mem_gen_v8_3_6 collision detected at time: 2810045000, A write address: 0, B  read address: 0
blk_mem_gen_v8_3_6 collision detected at time: 2816985000, A write address: 0, B  read address: 0
blk_mem_gen_v8_3_6 collision detected at time: 2816995000, A write address: 0, B  read address: 0
blk_mem_gen_v8_3_6 collision detected at time: 2823935000, A write address: 0, B  read address: 0
blk_mem_gen_v8_3_6 collision detected at time: 2823945000, A write address: 0, B  read address: 0
blk_mem_gen_v8_3_6 collision detected at time: 2830885000, A write address: 0, B  read address: 0
blk_mem_gen_v8_3_6 collision detected at time: 2830895000, A write address: 0, B  read address: 0
blk_mem_gen_v8_3_6 collision detected at time: 2837835000, A write address: 0, B  read address: 0
blk_mem_gen_v8_3_6 collision detected at time: 2837845000, A write address: 0, B  read address: 0
blk_mem_gen_v8_3_6 collision detected at time: 2844785000, A write address: 0, B  read address: 0
blk_mem_gen_v8_3_6 collision detected at time: 2844795000, A write address: 0, B  read address: 0
blk_mem_gen_v8_3_6 collision detected at time: 2851735000, A write address: 0, B  read address: 0
blk_mem_gen_v8_3_6 collision detected at time: 2851745000, A write address: 0, B  read address: 0
blk_mem_gen_v8_3_6 collision detected at time: 2858685000, A write address: 0, B  read address: 0
blk_mem_gen_v8_3_6 collision detected at time: 2858695000, A write address: 0, B  read address: 0
blk_mem_gen_v8_3_6 collision detected at time: 2865635000, A write address: 0, B  read address: 0
blk_mem_gen_v8_3_6 collision detected at time: 2865645000, A write address: 0, B  read address: 0
blk_mem_gen_v8_3_6 collision detected at time: 2872585000, A write address: 0, B  read address: 0
blk_mem_gen_v8_3_6 collision detected at time: 2872595000, A write address: 0, B  read address: 0
blk_mem_gen_v8_3_6 collision detected at time: 2879535000, A write address: 0, B  read address: 0
blk_mem_gen_v8_3_6 collision detected at time: 2879545000, A write address: 0, B  read address: 0
blk_mem_gen_v8_3_6 collision detected at time: 2886485000, A write address: 0, B  read address: 0
blk_mem_gen_v8_3_6 collision detected at time: 2886495000, A write address: 0, B  read address: 0
blk_mem_gen_v8_3_6 collision detected at time: 2893435000, A write address: 0, B  read address: 0
blk_mem_gen_v8_3_6 collision detected at time: 2893445000, A write address: 0, B  read address: 0
blk_mem_gen_v8_3_6 collision detected at time: 2900385000, A write address: 0, B  read address: 0
blk_mem_gen_v8_3_6 collision detected at time: 2900395000, A write address: 0, B  read address: 0
blk_mem_gen_v8_3_6 collision detected at time: 2907335000, A write address: 0, B  read address: 0
blk_mem_gen_v8_3_6 collision detected at time: 2907345000, A write address: 0, B  read address: 0
blk_mem_gen_v8_3_6 collision detected at time: 2914285000, A write address: 0, B  read address: 0
blk_mem_gen_v8_3_6 collision detected at time: 2914295000, A write address: 0, B  read address: 0
blk_mem_gen_v8_3_6 collision detected at time: 2921235000, A write address: 0, B  read address: 0
blk_mem_gen_v8_3_6 collision detected at time: 2921245000, A write address: 0, B  read address: 0
blk_mem_gen_v8_3_6 collision detected at time: 2928185000, A write address: 0, B  read address: 0
blk_mem_gen_v8_3_6 collision detected at time: 2928195000, A write address: 0, B  read address: 0
blk_mem_gen_v8_3_6 collision detected at time: 2935135000, A write address: 0, B  read address: 0
blk_mem_gen_v8_3_6 collision detected at time: 2935145000, A write address: 0, B  read address: 0
blk_mem_gen_v8_3_6 collision detected at time: 2942085000, A write address: 0, B  read address: 0
blk_mem_gen_v8_3_6 collision detected at time: 2942095000, A write address: 0, B  read address: 0
blk_mem_gen_v8_3_6 collision detected at time: 2949035000, A write address: 0, B  read address: 0
blk_mem_gen_v8_3_6 collision detected at time: 2949045000, A write address: 0, B  read address: 0
blk_mem_gen_v8_3_6 collision detected at time: 2955985000, A write address: 0, B  read address: 0
blk_mem_gen_v8_3_6 collision detected at time: 2955995000, A write address: 0, B  read address: 0
blk_mem_gen_v8_3_6 collision detected at time: 2962935000, A write address: 0, B  read address: 0
blk_mem_gen_v8_3_6 collision detected at time: 2962945000, A write address: 0, B  read address: 0
blk_mem_gen_v8_3_6 collision detected at time: 2969885000, A write address: 0, B  read address: 0
blk_mem_gen_v8_3_6 collision detected at time: 2969895000, A write address: 0, B  read address: 0
blk_mem_gen_v8_3_6 collision detected at time: 2976835000, A write address: 0, B  read address: 0
blk_mem_gen_v8_3_6 collision detected at time: 2976845000, A write address: 0, B  read address: 0
blk_mem_gen_v8_3_6 collision detected at time: 2983785000, A write address: 0, B  read address: 0
blk_mem_gen_v8_3_6 collision detected at time: 2983795000, A write address: 0, B  read address: 0
blk_mem_gen_v8_3_6 collision detected at time: 2990735000, A write address: 0, B  read address: 0
blk_mem_gen_v8_3_6 collision detected at time: 2990745000, A write address: 0, B  read address: 0
blk_mem_gen_v8_3_6 collision detected at time: 2997685000, A write address: 0, B  read address: 0
blk_mem_gen_v8_3_6 collision detected at time: 2997695000, A write address: 0, B  read address: 0
blk_mem_gen_v8_3_6 collision detected at time: 3004635000, A write address: 0, B  read address: 0
blk_mem_gen_v8_3_6 collision detected at time: 3004645000, A write address: 0, B  read address: 0
blk_mem_gen_v8_3_6 collision detected at time: 3011585000, A write address: 0, B  read address: 0
blk_mem_gen_v8_3_6 collision detected at time: 3011595000, A write address: 0, B  read address: 0
blk_mem_gen_v8_3_6 collision detected at time: 3018535000, A write address: 0, B  read address: 0
blk_mem_gen_v8_3_6 collision detected at time: 3018545000, A write address: 0, B  read address: 0
blk_mem_gen_v8_3_6 collision detected at time: 3025485000, A write address: 0, B  read address: 0
blk_mem_gen_v8_3_6 collision detected at time: 3025495000, A write address: 0, B  read address: 0
blk_mem_gen_v8_3_6 collision detected at time: 3032435000, A write address: 0, B  read address: 0
blk_mem_gen_v8_3_6 collision detected at time: 3032445000, A write address: 0, B  read address: 0
blk_mem_gen_v8_3_6 collision detected at time: 3039385000, A write address: 0, B  read address: 0
blk_mem_gen_v8_3_6 collision detected at time: 3039395000, A write address: 0, B  read address: 0
blk_mem_gen_v8_3_6 collision detected at time: 3046335000, A write address: 0, B  read address: 0
blk_mem_gen_v8_3_6 collision detected at time: 3046345000, A write address: 0, B  read address: 0
blk_mem_gen_v8_3_6 collision detected at time: 3053285000, A write address: 0, B  read address: 0
blk_mem_gen_v8_3_6 collision detected at time: 3053295000, A write address: 0, B  read address: 0
blk_mem_gen_v8_3_6 collision detected at time: 3060235000, A write address: 0, B  read address: 0
blk_mem_gen_v8_3_6 collision detected at time: 3060245000, A write address: 0, B  read address: 0
blk_mem_gen_v8_3_6 collision detected at time: 3067185000, A write address: 0, B  read address: 0
blk_mem_gen_v8_3_6 collision detected at time: 3067195000, A write address: 0, B  read address: 0
blk_mem_gen_v8_3_6 collision detected at time: 3074135000, A write address: 0, B  read address: 0
blk_mem_gen_v8_3_6 collision detected at time: 3074145000, A write address: 0, B  read address: 0
blk_mem_gen_v8_3_6 collision detected at time: 3081085000, A write address: 0, B  read address: 0
blk_mem_gen_v8_3_6 collision detected at time: 3081095000, A write address: 0, B  read address: 0
blk_mem_gen_v8_3_6 collision detected at time: 3088035000, A write address: 0, B  read address: 0
blk_mem_gen_v8_3_6 collision detected at time: 3088045000, A write address: 0, B  read address: 0
blk_mem_gen_v8_3_6 collision detected at time: 3094985000, A write address: 0, B  read address: 0
blk_mem_gen_v8_3_6 collision detected at time: 3094995000, A write address: 0, B  read address: 0
blk_mem_gen_v8_3_6 collision detected at time: 3101935000, A write address: 0, B  read address: 0
blk_mem_gen_v8_3_6 collision detected at time: 3101945000, A write address: 0, B  read address: 0
blk_mem_gen_v8_3_6 collision detected at time: 3108885000, A write address: 0, B  read address: 0
blk_mem_gen_v8_3_6 collision detected at time: 3108895000, A write address: 0, B  read address: 0
blk_mem_gen_v8_3_6 collision detected at time: 3115835000, A write address: 0, B  read address: 0
blk_mem_gen_v8_3_6 collision detected at time: 3115845000, A write address: 0, B  read address: 0
blk_mem_gen_v8_3_6 collision detected at time: 3122785000, A write address: 0, B  read address: 0
blk_mem_gen_v8_3_6 collision detected at time: 3122795000, A write address: 0, B  read address: 0
blk_mem_gen_v8_3_6 collision detected at time: 3129735000, A write address: 0, B  read address: 0
blk_mem_gen_v8_3_6 collision detected at time: 3129745000, A write address: 0, B  read address: 0
blk_mem_gen_v8_3_6 collision detected at time: 3136685000, A write address: 0, B  read address: 0
blk_mem_gen_v8_3_6 collision detected at time: 3136695000, A write address: 0, B  read address: 0
blk_mem_gen_v8_3_6 collision detected at time: 3143635000, A write address: 0, B  read address: 0
blk_mem_gen_v8_3_6 collision detected at time: 3143645000, A write address: 0, B  read address: 0
blk_mem_gen_v8_3_6 collision detected at time: 3150585000, A write address: 0, B  read address: 0
blk_mem_gen_v8_3_6 collision detected at time: 3150595000, A write address: 0, B  read address: 0
blk_mem_gen_v8_3_6 collision detected at time: 3157535000, A write address: 0, B  read address: 0
blk_mem_gen_v8_3_6 collision detected at time: 3157545000, A write address: 0, B  read address: 0
blk_mem_gen_v8_3_6 collision detected at time: 3164485000, A write address: 0, B  read address: 0
blk_mem_gen_v8_3_6 collision detected at time: 3164495000, A write address: 0, B  read address: 0
blk_mem_gen_v8_3_6 collision detected at time: 3171435000, A write address: 0, B  read address: 0
blk_mem_gen_v8_3_6 collision detected at time: 3171445000, A write address: 0, B  read address: 0
blk_mem_gen_v8_3_6 collision detected at time: 3178385000, A write address: 0, B  read address: 0
blk_mem_gen_v8_3_6 collision detected at time: 3178395000, A write address: 0, B  read address: 0
blk_mem_gen_v8_3_6 collision detected at time: 3185335000, A write address: 0, B  read address: 0
blk_mem_gen_v8_3_6 collision detected at time: 3185345000, A write address: 0, B  read address: 0
blk_mem_gen_v8_3_6 collision detected at time: 3192285000, A write address: 0, B  read address: 0
blk_mem_gen_v8_3_6 collision detected at time: 3192295000, A write address: 0, B  read address: 0
blk_mem_gen_v8_3_6 collision detected at time: 3199235000, A write address: 0, B  read address: 0
blk_mem_gen_v8_3_6 collision detected at time: 3199245000, A write address: 0, B  read address: 0
blk_mem_gen_v8_3_6 collision detected at time: 3206185000, A write address: 0, B  read address: 0
blk_mem_gen_v8_3_6 collision detected at time: 3206195000, A write address: 0, B  read address: 0
blk_mem_gen_v8_3_6 collision detected at time: 3213135000, A write address: 0, B  read address: 0
blk_mem_gen_v8_3_6 collision detected at time: 3213145000, A write address: 0, B  read address: 0
blk_mem_gen_v8_3_6 collision detected at time: 3220085000, A write address: 0, B  read address: 0
blk_mem_gen_v8_3_6 collision detected at time: 3220095000, A write address: 0, B  read address: 0
blk_mem_gen_v8_3_6 collision detected at time: 3227035000, A write address: 0, B  read address: 0
blk_mem_gen_v8_3_6 collision detected at time: 3227045000, A write address: 0, B  read address: 0
blk_mem_gen_v8_3_6 collision detected at time: 3233985000, A write address: 0, B  read address: 0
blk_mem_gen_v8_3_6 collision detected at time: 3233995000, A write address: 0, B  read address: 0
blk_mem_gen_v8_3_6 collision detected at time: 3240935000, A write address: 0, B  read address: 0
blk_mem_gen_v8_3_6 collision detected at time: 3240945000, A write address: 0, B  read address: 0
blk_mem_gen_v8_3_6 collision detected at time: 3247885000, A write address: 0, B  read address: 0
blk_mem_gen_v8_3_6 collision detected at time: 3247895000, A write address: 0, B  read address: 0
blk_mem_gen_v8_3_6 collision detected at time: 3254835000, A write address: 0, B  read address: 0
blk_mem_gen_v8_3_6 collision detected at time: 3254845000, A write address: 0, B  read address: 0
blk_mem_gen_v8_3_6 collision detected at time: 3261785000, A write address: 0, B  read address: 0
blk_mem_gen_v8_3_6 collision detected at time: 3261795000, A write address: 0, B  read address: 0
blk_mem_gen_v8_3_6 collision detected at time: 3268735000, A write address: 0, B  read address: 0
blk_mem_gen_v8_3_6 collision detected at time: 3268745000, A write address: 0, B  read address: 0
blk_mem_gen_v8_3_6 collision detected at time: 3275685000, A write address: 0, B  read address: 0
blk_mem_gen_v8_3_6 collision detected at time: 3275695000, A write address: 0, B  read address: 0
blk_mem_gen_v8_3_6 collision detected at time: 3282635000, A write address: 0, B  read address: 0
blk_mem_gen_v8_3_6 collision detected at time: 3282645000, A write address: 0, B  read address: 0
blk_mem_gen_v8_3_6 collision detected at time: 3289585000, A write address: 0, B  read address: 0
blk_mem_gen_v8_3_6 collision detected at time: 3289595000, A write address: 0, B  read address: 0
blk_mem_gen_v8_3_6 collision detected at time: 3296535000, A write address: 0, B  read address: 0
blk_mem_gen_v8_3_6 collision detected at time: 3296545000, A write address: 0, B  read address: 0
blk_mem_gen_v8_3_6 collision detected at time: 3303485000, A write address: 0, B  read address: 0
blk_mem_gen_v8_3_6 collision detected at time: 3303495000, A write address: 0, B  read address: 0
blk_mem_gen_v8_3_6 collision detected at time: 3310435000, A write address: 0, B  read address: 0
blk_mem_gen_v8_3_6 collision detected at time: 3310445000, A write address: 0, B  read address: 0
blk_mem_gen_v8_3_6 collision detected at time: 3317385000, A write address: 0, B  read address: 0
blk_mem_gen_v8_3_6 collision detected at time: 3317395000, A write address: 0, B  read address: 0
blk_mem_gen_v8_3_6 collision detected at time: 3324335000, A write address: 0, B  read address: 0
blk_mem_gen_v8_3_6 collision detected at time: 3324345000, A write address: 0, B  read address: 0
blk_mem_gen_v8_3_6 collision detected at time: 3331285000, A write address: 0, B  read address: 0
blk_mem_gen_v8_3_6 collision detected at time: 3331295000, A write address: 0, B  read address: 0
blk_mem_gen_v8_3_6 collision detected at time: 3338235000, A write address: 0, B  read address: 0
blk_mem_gen_v8_3_6 collision detected at time: 3338245000, A write address: 0, B  read address: 0
blk_mem_gen_v8_3_6 collision detected at time: 3345185000, A write address: 0, B  read address: 0
blk_mem_gen_v8_3_6 collision detected at time: 3345195000, A write address: 0, B  read address: 0
blk_mem_gen_v8_3_6 collision detected at time: 3352135000, A write address: 0, B  read address: 0
blk_mem_gen_v8_3_6 collision detected at time: 3352145000, A write address: 0, B  read address: 0
blk_mem_gen_v8_3_6 collision detected at time: 3359085000, A write address: 0, B  read address: 0
blk_mem_gen_v8_3_6 collision detected at time: 3359095000, A write address: 0, B  read address: 0
blk_mem_gen_v8_3_6 collision detected at time: 3366035000, A write address: 0, B  read address: 0
blk_mem_gen_v8_3_6 collision detected at time: 3366045000, A write address: 0, B  read address: 0
blk_mem_gen_v8_3_6 collision detected at time: 3372985000, A write address: 0, B  read address: 0
blk_mem_gen_v8_3_6 collision detected at time: 3372995000, A write address: 0, B  read address: 0
blk_mem_gen_v8_3_6 collision detected at time: 3379935000, A write address: 0, B  read address: 0
blk_mem_gen_v8_3_6 collision detected at time: 3379945000, A write address: 0, B  read address: 0
blk_mem_gen_v8_3_6 collision detected at time: 3386885000, A write address: 0, B  read address: 0
blk_mem_gen_v8_3_6 collision detected at time: 3386895000, A write address: 0, B  read address: 0
blk_mem_gen_v8_3_6 collision detected at time: 3393835000, A write address: 0, B  read address: 0
blk_mem_gen_v8_3_6 collision detected at time: 3393845000, A write address: 0, B  read address: 0
blk_mem_gen_v8_3_6 collision detected at time: 3400785000, A write address: 0, B  read address: 0
blk_mem_gen_v8_3_6 collision detected at time: 3400795000, A write address: 0, B  read address: 0
blk_mem_gen_v8_3_6 collision detected at time: 3407735000, A write address: 0, B  read address: 0
blk_mem_gen_v8_3_6 collision detected at time: 3407745000, A write address: 0, B  read address: 0
blk_mem_gen_v8_3_6 collision detected at time: 3414685000, A write address: 0, B  read address: 0
blk_mem_gen_v8_3_6 collision detected at time: 3414695000, A write address: 0, B  read address: 0
blk_mem_gen_v8_3_6 collision detected at time: 3421635000, A write address: 0, B  read address: 0
blk_mem_gen_v8_3_6 collision detected at time: 3421645000, A write address: 0, B  read address: 0
blk_mem_gen_v8_3_6 collision detected at time: 3428585000, A write address: 0, B  read address: 0
blk_mem_gen_v8_3_6 collision detected at time: 3428595000, A write address: 0, B  read address: 0
blk_mem_gen_v8_3_6 collision detected at time: 3435535000, A write address: 0, B  read address: 0
blk_mem_gen_v8_3_6 collision detected at time: 3435545000, A write address: 0, B  read address: 0
blk_mem_gen_v8_3_6 collision detected at time: 3442485000, A write address: 0, B  read address: 0
blk_mem_gen_v8_3_6 collision detected at time: 3442495000, A write address: 0, B  read address: 0
blk_mem_gen_v8_3_6 collision detected at time: 3449435000, A write address: 0, B  read address: 0
blk_mem_gen_v8_3_6 collision detected at time: 3449445000, A write address: 0, B  read address: 0
blk_mem_gen_v8_3_6 collision detected at time: 3456385000, A write address: 0, B  read address: 0
blk_mem_gen_v8_3_6 collision detected at time: 3456395000, A write address: 0, B  read address: 0
blk_mem_gen_v8_3_6 collision detected at time: 3463335000, A write address: 0, B  read address: 0
blk_mem_gen_v8_3_6 collision detected at time: 3463345000, A write address: 0, B  read address: 0
blk_mem_gen_v8_3_6 collision detected at time: 3470285000, A write address: 0, B  read address: 0
blk_mem_gen_v8_3_6 collision detected at time: 3470295000, A write address: 0, B  read address: 0
blk_mem_gen_v8_3_6 collision detected at time: 3477235000, A write address: 0, B  read address: 0
blk_mem_gen_v8_3_6 collision detected at time: 3477245000, A write address: 0, B  read address: 0
blk_mem_gen_v8_3_6 collision detected at time: 3484185000, A write address: 0, B  read address: 0
blk_mem_gen_v8_3_6 collision detected at time: 3484195000, A write address: 0, B  read address: 0
blk_mem_gen_v8_3_6 collision detected at time: 3491135000, A write address: 0, B  read address: 0
blk_mem_gen_v8_3_6 collision detected at time: 3491145000, A write address: 0, B  read address: 0
blk_mem_gen_v8_3_6 collision detected at time: 3498085000, A write address: 0, B  read address: 0
blk_mem_gen_v8_3_6 collision detected at time: 3498095000, A write address: 0, B  read address: 0
blk_mem_gen_v8_3_6 collision detected at time: 3505035000, A write address: 0, B  read address: 0
blk_mem_gen_v8_3_6 collision detected at time: 3505045000, A write address: 0, B  read address: 0
blk_mem_gen_v8_3_6 collision detected at time: 3511985000, A write address: 0, B  read address: 0
blk_mem_gen_v8_3_6 collision detected at time: 3511995000, A write address: 0, B  read address: 0
blk_mem_gen_v8_3_6 collision detected at time: 3518935000, A write address: 0, B  read address: 0
blk_mem_gen_v8_3_6 collision detected at time: 3518945000, A write address: 0, B  read address: 0
