
*** Running vivado
    with args -log inst_rom.vds -m64 -product Vivado -mode batch -messageDb vivado.pb -notrace -source inst_rom.tcl


****** Vivado v2017.1 (64-bit)
  **** SW Build 1846317 on Fri Apr 14 18:55:03 MDT 2017
  **** IP Build 1846188 on Fri Apr 14 20:52:08 MDT 2017
    ** Copyright 1986-2017 Xilinx, Inc. All Rights Reserved.

source inst_rom.tcl -notrace
Starting RTL Elaboration : Time (s): cpu = 00:00:07 ; elapsed = 00:00:08 . Memory (MB): peak = 318.898 ; gain = 81.180
INFO: [Synth 8-638] synthesizing module 'inst_rom' [d:/My Projects/VerilogProj_2013631/project_8/project_8.srcs/sources_1/ip/inst_rom/synth/inst_rom.vhd:67]
INFO: [Synth 8-256] done synthesizing module 'inst_rom' (9#1) [d:/My Projects/VerilogProj_2013631/project_8/project_8.srcs/sources_1/ip/inst_rom/synth/inst_rom.vhd:67]
Finished RTL Elaboration : Time (s): cpu = 00:01:18 ; elapsed = 00:01:22 . Memory (MB): peak = 525.297 ; gain = 287.578
Finished RTL Optimization Phase 1 : Time (s): cpu = 00:01:18 ; elapsed = 00:01:22 . Memory (MB): peak = 525.297 ; gain = 287.578
INFO: [Device 21-403] Loading part xc7a200tfbg676-2
Constraint Validation Runtime : Time (s): cpu = 00:00:00 ; elapsed = 00:00:00.012 . Memory (MB): peak = 627.375 ; gain = 0.000
Finished Constraint Validation : Time (s): cpu = 00:01:31 ; elapsed = 00:01:36 . Memory (MB): peak = 627.375 ; gain = 389.656
Finished Loading Part and Timing Information : Time (s): cpu = 00:01:31 ; elapsed = 00:01:36 . Memory (MB): peak = 627.375 ; gain = 389.656
Finished applying 'set_property' XDC Constraints : Time (s): cpu = 00:01:31 ; elapsed = 00:01:36 . Memory (MB): peak = 627.375 ; gain = 389.656
Finished RTL Optimization Phase 2 : Time (s): cpu = 00:01:31 ; elapsed = 00:01:36 . Memory (MB): peak = 627.375 ; gain = 389.656
Finished Cross Boundary and Area Optimization : Time (s): cpu = 00:01:32 ; elapsed = 00:01:36 . Memory (MB): peak = 627.375 ; gain = 389.656
Finished Applying XDC Timing Constraints : Time (s): cpu = 00:01:48 ; elapsed = 00:01:53 . Memory (MB): peak = 649.988 ; gain = 412.270
Finished Timing Optimization : Time (s): cpu = 00:01:48 ; elapsed = 00:01:53 . Memory (MB): peak = 649.988 ; gain = 412.270
Finished Technology Mapping : Time (s): cpu = 00:01:48 ; elapsed = 00:01:53 . Memory (MB): peak = 659.129 ; gain = 421.410
Finished IO Insertion : Time (s): cpu = 00:01:49 ; elapsed = 00:01:54 . Memory (MB): peak = 659.129 ; gain = 421.410
Finished Renaming Generated Instances : Time (s): cpu = 00:01:49 ; elapsed = 00:01:54 . Memory (MB): peak = 659.129 ; gain = 421.410
Finished Rebuilding User Hierarchy : Time (s): cpu = 00:01:49 ; elapsed = 00:01:54 . Memory (MB): peak = 659.129 ; gain = 421.410
Finished Renaming Generated Ports : Time (s): cpu = 00:01:49 ; elapsed = 00:01:54 . Memory (MB): peak = 659.129 ; gain = 421.410
Finished Handling Custom Attributes : Time (s): cpu = 00:01:49 ; elapsed = 00:01:54 . Memory (MB): peak = 659.129 ; gain = 421.410
Finished Renaming Generated Nets : Time (s): cpu = 00:01:49 ; elapsed = 00:01:54 . Memory (MB): peak = 659.129 ; gain = 421.410

Report Cell Usage: 
+------+---------+------+
|      |Cell     |Count |
+------+---------+------+
|1     |RAMB18E1 |     1|
+------+---------+------+
Finished Writing Synthesis Report : Time (s): cpu = 00:01:49 ; elapsed = 00:01:54 . Memory (MB): peak = 659.129 ; gain = 421.410
synth_design: Time (s): cpu = 00:01:51 ; elapsed = 00:01:57 . Memory (MB): peak = 677.352 ; gain = 439.633
