#-----------------------------------------------------------
# Vivado v2017.1 (64-bit)
# SW Build 1846317 on Fri Apr 14 18:55:03 MDT 2017
# IP Build 1846188 on Fri Apr 14 20:52:08 MDT 2017
# Start of session at: Fri May  6 17:14:19 2022
# Process ID: 9420
# Current directory: D:/My Projects/VerilogProj_2013631/project_2
# Command line: vivado.exe -gui_launcher_event rodinguilauncherevent11912 D:\My Projects\VerilogProj_2013631\project_2\project_2.xpr
# Log file: D:/My Projects/VerilogProj_2013631/project_2/vivado.log
# Journal file: D:/My Projects/VerilogProj_2013631/project_2\vivado.jou
#-----------------------------------------------------------
start_gui
open_project {D:/My Projects/VerilogProj_2013631/project_2/project_2.xpr}
Scanning sources...
Finished scanning sources
INFO: [IP_Flow 19-234] Refreshing IP repositories
INFO: [IP_Flow 19-1704] No user IP repositories specified
INFO: [IP_Flow 19-2313] Loaded Vivado IP repository 'D:/Xilinx/Vivado/2017.1/data/ip'.
open_project: Time (s): cpu = 00:00:17 ; elapsed = 00:00:06 . Memory (MB): peak = 882.012 ; gain = 137.141
update_compile_order -fileset sources_1
exit
INFO: [Common 17-206] Exiting Vivado at Fri May  6 17:15:11 2022...
